01:33:08.775 [main                     ] DEBUG Logger               - Configured Logger
01:33:08.778 [main                     ] DEBUG GameApplication      - Logging settings
Title: BOMBER
 MAN
Version: 1.0
Width: 1280
Height: 720
Fullscreen: true
Intro: false
Profiling: false
Single step:false
App Mode: DEVELOPER
Menu Key: ESCAPE
Stage Style: DECORATED
Scene Factory: class Bomberman.GameApp$1

01:33:09.126 [JavaFX Application Thread] DEBUG FXGLApplication      - Initializing FXGL
01:33:09.128 [JavaFX Application Thread] INFO  Engine               - FXGL-11.17 (16.07.2021 15.46) on WINDOWS (J:21.0.4 FX:20.0.2)
01:33:09.129 [JavaFX Application Thread] DEBUG Engine               - JRE Vendor Name: Oracle Corporation
01:33:09.129 [JavaFX Application Thread] DEBUG Engine               - Running on OS: Windows 11 version 10.0
01:33:09.129 [JavaFX Application Thread] DEBUG Engine               - Architecture: amd64
01:33:09.129 [JavaFX Application Thread] INFO  Engine               - Source code and latest versions at: https://github.com/AlmasB/FXGL
01:33:09.130 [JavaFX Application Thread] INFO  Engine               -              Join the FXGL chat at: https://gitter.im/AlmasB/FXGL
01:33:09.275 [JavaFX Application Thread] DEBUG PrimaryStageWindow   - Creating a JavaFX scene
01:33:09.381 [JavaFX Application Thread] DEBUG PrimaryStageWindow   - Target settings size: 1280.0 x 720.0
01:33:09.381 [JavaFX Application Thread] DEBUG PrimaryStageWindow   - Scaled scene size:    1280.0 x 720.0
01:33:09.381 [JavaFX Application Thread] DEBUG PrimaryStageWindow   - Scaled ratio: (1.0, 1.0)
01:33:09.382 [JavaFX Application Thread] DEBUG PrimaryStageWindow   - Set initial scene to FXGLStartupScene
01:33:09.391 [JavaFX Application Thread] DEBUG PrimaryStageWindow   - Opening main window
01:33:09.542 [JavaFX Application Thread] DEBUG PrimaryStageWindow   - Window border size: (14.4000244140625, 37.5999755859375)
01:33:09.542 [JavaFX Application Thread] DEBUG PrimaryStageWindow   - Scaled size: 1280.0 x 720.0
01:33:09.542 [JavaFX Application Thread] DEBUG PrimaryStageWindow   - Scaled ratio: (1.0, 1.0)
01:33:09.542 [JavaFX Application Thread] DEBUG PrimaryStageWindow   - Scene size: 1280.0 x 720.0
01:33:09.542 [JavaFX Application Thread] DEBUG PrimaryStageWindow   - Stage size: 1294.4000244140625 x 757.5999755859375
01:33:09.663 [JavaFX Application Thread] DEBUG PrimaryStageWindow   - Going fullscreen
01:33:09.692 [FXGL Background Thread 1 ] DEBUG Engine               - Initializing environment variables
01:33:09.786 [FXGL Background Thread 1 ] DEBUG FXGLAssetLoaderServi - User app class for loading assets: class Bomberman.GameApp
01:33:09.786 [FXGL Background Thread 1 ] DEBUG GameApplicationServi - Applying CSS: fxgl_dark.css
01:33:09.787 [FXGL Background Thread 1 ] DEBUG FXGLAssetLoaderServi - Loading from file system: jar:file:/C:/Users/lethe/.m2/repository/com/github/almasb/fxgl/11.17/fxgl-11.17.jar!/fxglassets/ui/css/fxgl_dark.css
01:33:09.846 [FXGL Background Thread 1 ] DEBUG GameApplicationServi - Initializing application scenes
01:33:09.909 [FXGL Background Thread 1 ] DEBUG GameWorld            - Game world initialized
01:33:10.010 [FXGL Background Thread 1 ] DEBUG PhysicsWorld         - Physics world initialized: appHeight=720, physics.ppm=50.0
01:33:10.011 [FXGL Background Thread 1 ] DEBUG PhysicsWorld         - Using strategy: BRUTE_FORCE
01:33:10.013 [FXGL Background Thread 1 ] DEBUG GameScene            - Game scene initialized: 1280x720
01:33:10.111 [FXGL Background Thread 1 ] DEBUG GameApplicationServi - Application scenes initialized
01:33:10.121 [FXGL Background Thread 1 ] DEBUG SystemBundleService  - Loading FXGL system data
01:33:10.124 [FXGL Background Thread 1 ] DEBUG FileSystemAccess     - Reading from: C:\Users\lethe\code java\Bomberman\system\fxgl.bundle
01:33:10.138 [FXGL Background Thread 1 ] DEBUG SystemBundleService  - Bundle FXGL: {}
01:33:10.138 [FXGL Background Thread 1 ] DEBUG UpdaterService       - Checking for updates
01:33:10.144 [FXGL Background Thread 4 ] DEBUG FXGLApplication      - Loading fonts
01:33:10.144 [FXGL Background Thread 4 ] DEBUG FXGLAssetLoaderServi - Loading from file system: file:/C:/Users/lethe/code%20java/Bomberman/target/classes/assets/ui/fonts/game_font.ttf
01:33:10.144 [FXGL Background Thread 1 ] DEBUG FXGLApplication      - Loading default localization
01:33:10.145 [FXGL Background Thread 1 ] DEBUG FXGLAssetLoaderServi - Loading from file system: jar:file:/C:/Users/lethe/.m2/repository/com/github/almasb/fxgl/11.17/fxgl-11.17.jar!/fxglassets/languages/english.lang
01:33:10.159 [FXGL Background Thread 1 ] INFO  FXGLApplication      - FXGL initialization took: 0.467 sec
01:33:10.171 [JavaFX Application Thread] DEBUG Input                - Registered new binding: Move Up - E
01:33:10.171 [JavaFX Application Thread] DEBUG Input                - Registered new binding: Move Down - D
01:33:10.171 [JavaFX Application Thread] DEBUG Input                - Registered new binding: Move Left - S
01:33:10.171 [JavaFX Application Thread] DEBUG Input                - Registered new binding: Move Right - F
01:33:10.172 [JavaFX Application Thread] DEBUG Input                - Registered new binding: Place Bomb - Space
01:33:10.173 [JavaFX Application Thread] DEBUG FXGLAssetLoaderServi - Loading from file system: jar:file:/C:/Users/lethe/.m2/repository/com/github/almasb/fxgl/11.17/fxgl-11.17.jar!/fxglassets/textures/fxgl_icon.png
01:33:10.202 [JavaFX Application Thread] DEBUG FXGLAssetLoaderServi - Loading from file system: jar:file:/C:/Users/lethe/.m2/repository/com/github/almasb/fxgl/11.17/fxgl-11.17.jar!/fxglassets/textures/fxgl_default_cursor.png
01:33:10.206 [JavaFX Application Thread] DEBUG Input                - Registered new binding: Screenshot - CTRL+8
01:33:10.207 [JavaFX Application Thread] DEBUG Input                - Registered new binding: System info dump - CTRL+9
01:33:10.207 [JavaFX Application Thread] DEBUG Input                - Registered new binding: Restart - CTRL+R
01:33:10.208 [JavaFX Application Thread] DEBUG Input                - Registered new binding: Toggle Debug Camera - CTRL+C
01:33:10.211 [JavaFX Application Thread] DEBUG LoopRunner           - Starting loop
01:33:10.212 [JavaFX Application Thread] DEBUG LoopRunner           - Initializing JavaFX AnimationTimerLoop
01:33:10.216 [JavaFX Application Thread] DEBUG Input                - Clearing active input actions
01:33:10.224 [JavaFX Application Thread] DEBUG GameApplicationServi - Removing overlay from FXGLStartupScene and adding to FXGLMainMenuDummyScene
01:33:10.224 [JavaFX Application Thread] DEBUG PrimaryStageWindow   - FXGLStartupScene -> FXGLMainMenuDummyScene
01:33:10.225 [JavaFX Application Thread] DEBUG PrimaryStageWindow   - Push state: MainMenu
01:33:10.225 [JavaFX Application Thread] DEBUG Input                - Clearing active input actions
01:33:10.228 [JavaFX Application Thread] DEBUG GameApplicationServi - Removing overlay from FXGLMainMenuDummyScene and adding to MainMenu
01:33:10.229 [JavaFX Application Thread] DEBUG PrimaryStageWindow   - FXGLMainMenuDummyScene -> MainMenu
01:33:10.239 [FXGL Background Thread 4 ] DEBUG FXGLAssetLoaderServi - Loading from file system: jar:file:/C:/Users/lethe/.m2/repository/com/github/almasb/fxgl/11.17/fxgl-11.17.jar!/fxglassets/ui/fonts/Abel-Regular.ttf
01:33:10.245 [FXGL Background Thread 4 ] DEBUG FXGLAssetLoaderServi - Loading from file system: jar:file:/C:/Users/lethe/.m2/repository/com/github/almasb/fxgl/11.17/fxgl-11.17.jar!/fxglassets/ui/fonts/lucida_console.ttf
01:33:10.253 [FXGL Background Thread 4 ] DEBUG FXGLAssetLoaderServi - Loading from file system: jar:file:/C:/Users/lethe/.m2/repository/com/github/almasb/fxgl/11.17/fxgl-11.17.jar!/fxglassets/ui/fonts/Courier-Prime.ttf
01:33:10.269 [JavaFX Application Thread] DEBUG FXGLApplication      - Registering font factories with UI factory
01:33:11.588 [FXGL Background Thread 2 ] INFO  UpdaterService       - Your current version:  11.17
01:33:11.589 [FXGL Background Thread 2 ] INFO  UpdaterService       - Latest stable version: 21.1
01:33:11.875 [JavaFX Application Thread] DEBUG Menu                 - fireNewGame()
01:33:11.876 [JavaFX Application Thread] DEBUG GameApplicationServi - Starting new game
01:33:11.876 [JavaFX Application Thread] DEBUG PrimaryStageWindow   - Pop state: MainMenu
01:33:11.876 [JavaFX Application Thread] DEBUG Input                - Clearing active input actions
01:33:11.876 [JavaFX Application Thread] DEBUG GameApplicationServi - Removing overlay from MainMenu and adding to FXGLMainMenuDummyScene
01:33:11.876 [JavaFX Application Thread] DEBUG PrimaryStageWindow   - FXGLMainMenuDummyScene <- MainMenu
01:33:11.877 [JavaFX Application Thread] DEBUG Input                - Clearing active input actions
01:33:11.887 [JavaFX Application Thread] DEBUG GameApplicationServi - Removing overlay from FXGLMainMenuDummyScene and adding to FXGLLoadingScene
01:33:11.888 [JavaFX Application Thread] DEBUG PrimaryStageWindow   - FXGLMainMenuDummyScene -> FXGLLoadingScene
01:33:11.888 [JavaFX Application Thread] DEBUG GameApplicationServi - Clearing previous game
01:33:11.888 [JavaFX Application Thread] DEBUG GameScene            - Clearing game scene
01:33:11.888 [JavaFX Application Thread] DEBUG GameWorld            - Clearing game world
01:33:11.888 [JavaFX Application Thread] DEBUG PhysicsWorld         - Clearing physics world
01:33:11.889 [FXGL Background Thread 2 ] DEBUG FXGLApplication      - Initializing game
01:33:11.932 [FXGL Background Thread 2 ] WARN  TMXLevelLoader       - TiledMap generated from 1.7.2. Supported version: 1.2.3. Some features may not be parsed fully.
01:33:11.953 [FXGL Background Thread 2 ] DEBUG TMXLevelLoader       - Parsed TiledMap: file:/C:/Users/lethe/code%20java/Bomberman/target/classes/assets/levels/level1.tmx
01:33:11.957 [FXGL Background Thread 2 ] DEBUG TMXLevelLoader       - Creating tile layer entities
01:33:11.959 [FXGL Background Thread 2 ] DEBUG TilesetLoader        - Loading view for layer Tile Layer 1
01:33:11.961 [FXGL Background Thread 2 ] DEBUG TilesetLoader        - Created buffer with size 1488.0x720.0
01:33:11.980 [FXGL Background Thread 2 ] DEBUG TMXLevelLoader       - Creating object layer entities
01:33:12.013 [FXGL Background Thread 2 ] DEBUG FXGLAssetLoaderServi - Loading from file system: file:/C:/Users/lethe/code%20java/Bomberman/target/classes/assets/textures/player_die.png
01:33:12.017 [FXGL Background Thread 2 ] DEBUG FXGLAssetLoaderServi - Loading from file system: file:/C:/Users/lethe/code%20java/Bomberman/target/classes/assets/textures/player_down.png
01:33:12.021 [FXGL Background Thread 2 ] DEBUG FXGLAssetLoaderServi - Loading from file system: file:/C:/Users/lethe/code%20java/Bomberman/target/classes/assets/textures/player_right.png
01:33:12.022 [FXGL Background Thread 2 ] DEBUG FXGLAssetLoaderServi - Loading from file system: file:/C:/Users/lethe/code%20java/Bomberman/target/classes/assets/textures/player_up.png
01:33:12.023 [FXGL Background Thread 2 ] DEBUG FXGLAssetLoaderServi - Loading from file system: file:/C:/Users/lethe/code%20java/Bomberman/target/classes/assets/textures/player_left.png
01:33:12.028 [FXGL Background Thread 2 ] DEBUG FXGLAssetLoaderServi - Loading from file system: file:/C:/Users/lethe/code%20java/Bomberman/target/classes/assets/textures/enemy1.png
01:33:12.068 [FXGL Background Thread 2 ] DEBUG FXGLAssetLoaderServi - Loading from file system: file:/C:/Users/lethe/code%20java/Bomberman/target/classes/assets/textures/enemy2.png
01:33:12.077 [FXGL Background Thread 2 ] DEBUG FXGLAssetLoaderServi - Loading from file system: file:/C:/Users/lethe/code%20java/Bomberman/target/classes/assets/textures/brick.png
01:33:12.089 [FXGL Background Thread 2 ] DEBUG FXGLAssetLoaderServi - Loading from file system: file:/C:/Users/lethe/code%20java/Bomberman/target/classes/assets/textures/powerup_speed.png
01:33:12.092 [FXGL Background Thread 2 ] DEBUG FXGLAssetLoaderServi - Loading from file system: file:/C:/Users/lethe/code%20java/Bomberman/target/classes/assets/textures/powerup_bombs.png
01:33:12.124 [FXGL Background Thread 2 ] DEBUG GameWorld            - Clearing removable entities
01:33:12.125 [FXGL Background Thread 2 ] DEBUG GameWorld            - Setting level: com.almasb.fxgl.entity.level.Level@30711373
01:33:12.188 [FXGL Background Thread 2 ] INFO  FXGLApplication      - Game initialization took: 0.298 sec
01:33:12.189 [JavaFX Application Thread] DEBUG Input                - Clearing active input actions
01:33:12.203 [JavaFX Application Thread] DEBUG GameApplicationServi - Removing overlay from FXGLLoadingScene and adding to GameScene
01:33:12.204 [JavaFX Application Thread] DEBUG PrimaryStageWindow   - FXGLLoadingScene -> GameScene
01:33:12.207 [JavaFX Application Thread] DEBUG FXGLAssetLoaderServi - Loading from file system: file:/C:/Users/lethe/code%20java/Bomberman/target/classes/assets/sounds/stage_start.wav
01:33:12.275 [JavaFX Application Thread] DEBUG PrimaryStageWindow   - Push state: StageStartScene
01:33:12.275 [JavaFX Application Thread] DEBUG Input                - Clearing active input actions
01:33:12.276 [JavaFX Application Thread] DEBUG GameApplicationServi - Removing overlay from GameScene and adding to StageStartScene
01:33:12.276 [JavaFX Application Thread] DEBUG PrimaryStageWindow   - GameScene -> StageStartScene
01:33:13.143 [FXGL Background Thread 3 ] DEBUG Engine               - Logging environment variables
01:33:13.143 [FXGL Background Thread 3 ] DEBUG Engine               - achievements: []
01:33:13.143 [FXGL Background Thread 3 ] DEBUG Engine               - actualHeight: 864.0
01:33:13.143 [FXGL Background Thread 3 ] DEBUG Engine               - actualHeightProperty: ReadOnlyDoubleProperty [value: 864.0]
01:33:13.143 [FXGL Background Thread 3 ] DEBUG Engine               - actualWidth: 1536.0
01:33:13.143 [FXGL Background Thread 3 ] DEBUG Engine               - actualWidthProperty: ReadOnlyDoubleProperty [value: 1536.0]
01:33:13.143 [FXGL Background Thread 3 ] DEBUG Engine               - appIcon: fxgl_icon.png
01:33:13.143 [FXGL Background Thread 3 ] DEBUG Engine               - applicationMode: DEVELOPER
01:33:13.143 [FXGL Background Thread 3 ] DEBUG Engine               - cSSList: [fxgl_dark.css]
01:33:13.144 [FXGL Background Thread 3 ] DEBUG Engine               - collisionDetectionStrategy: BRUTE_FORCE
01:33:13.144 [FXGL Background Thread 3 ] DEBUG Engine               - configClass: Optional.empty
01:33:13.144 [FXGL Background Thread 3 ] DEBUG Engine               - credits: []
01:33:13.144 [FXGL Background Thread 3 ] DEBUG Engine               - defaultCursor: CursorInfo(imageName=fxgl_default_cursor.png, hotspotX=7.0, hotspotY=6.0)
01:33:13.144 [FXGL Background Thread 3 ] DEBUG Engine               - devBBoxColorProperty: ObjectProperty [value: 0xff0000ff]
01:33:13.144 [FXGL Background Thread 3 ] DEBUG Engine               - devEnableDebugCameraProperty: BooleanProperty [value: false]
01:33:13.144 [FXGL Background Thread 3 ] DEBUG Engine               - devSensorColorProperty: ObjectProperty [value: 0xffff00ff]
01:33:13.144 [FXGL Background Thread 3 ] DEBUG Engine               - devShowBBoxProperty: BooleanProperty [value: false]
01:33:13.144 [FXGL Background Thread 3 ] DEBUG Engine               - devShowPositionProperty: BooleanProperty [value: false]
01:33:13.144 [FXGL Background Thread 3 ] DEBUG Engine               - enabledMenuItems: []
01:33:13.144 [FXGL Background Thread 3 ] DEBUG Engine               - engineServices: [class com.almasb.fxgl.app.services.FXGLAssetLoaderService, class com.almasb.fxgl.app.FXGLApplication$GameApplicationService, class com.almasb.fxgl.app.services.FXGLDialogService, class com.almasb.fxgl.app.services.IOTaskExecutorService, class com.almasb.fxgl.io.FileSystemService, class com.almasb.fxgl.localization.LocalizationService, class com.almasb.fxgl.app.services.SystemBundleService, class com.almasb.fxgl.profile.SaveLoadService, class com.almasb.fxgl.ui.FXGLUIFactoryServiceProvider, class com.almasb.fxgl.ui.FXGLDialogFactoryServiceProvider, class com.almasb.fxgl.audio.AudioPlayer, class com.almasb.fxgl.notification.impl.NotificationServiceProvider, class com.almasb.fxgl.achievement.AchievementService, class com.almasb.fxgl.cutscene.CutsceneService, class com.almasb.fxgl.minigames.MiniGameService, class com.almasb.fxgl.net.NetService, class com.almasb.fxgl.app.services.UpdaterService, class com.almasb.fxgl.dev.DevService]
01:33:13.144 [FXGL Background Thread 3 ] DEBUG Engine               - fontGame: Abel-Regular.ttf
01:33:13.144 [FXGL Background Thread 3 ] DEBUG Engine               - fontMono: lucida_console.ttf
01:33:13.144 [FXGL Background Thread 3 ] DEBUG Engine               - fontText: Courier-Prime.ttf
01:33:13.144 [FXGL Background Thread 3 ] DEBUG Engine               - fontUI: game_font.ttf
01:33:13.144 [FXGL Background Thread 3 ] DEBUG Engine               - fullScreen: BooleanProperty [value: true]
01:33:13.144 [FXGL Background Thread 3 ] DEBUG Engine               - gameDifficulty: MEDIUM
01:33:13.144 [FXGL Background Thread 3 ] DEBUG Engine               - gameDifficultyProperty: ObjectProperty [value: MEDIUM]
01:33:13.144 [FXGL Background Thread 3 ] DEBUG Engine               - globalMusicVolume: 0.5
01:33:13.144 [FXGL Background Thread 3 ] DEBUG Engine               - globalMusicVolumeProperty: DoubleProperty [value: 0.0]
01:33:13.144 [FXGL Background Thread 3 ] DEBUG Engine               - globalSoundVolume: 0.5
01:33:13.144 [FXGL Background Thread 3 ] DEBUG Engine               - globalSoundVolumeProperty: DoubleProperty [value: 0.5]
01:33:13.144 [FXGL Background Thread 3 ] DEBUG Engine               - height: 720
01:33:13.144 [FXGL Background Thread 3 ] DEBUG Engine               - is3D: false
01:33:13.145 [FXGL Background Thread 3 ] DEBUG Engine               - isAndroid: false
01:33:13.145 [FXGL Background Thread 3 ] DEBUG Engine               - isBrowser: false
01:33:13.145 [FXGL Background Thread 3 ] DEBUG Engine               - isClickFeedbackEnabled: false
01:33:13.145 [FXGL Background Thread 3 ] DEBUG Engine               - isCloseConfirmation: false
01:33:13.145 [FXGL Background Thread 3 ] DEBUG Engine               - isDesktop: true
01:33:13.145 [FXGL Background Thread 3 ] DEBUG Engine               - isDeveloperMenuEnabled: false
01:33:13.145 [FXGL Background Thread 3 ] DEBUG Engine               - isEntityPreloadEnabled: true
01:33:13.145 [FXGL Background Thread 3 ] DEBUG Engine               - isExperimentalTiledLargeMap: false
01:33:13.145 [FXGL Background Thread 3 ] DEBUG Engine               - isFileSystemWriteAllowed: true
01:33:13.145 [FXGL Background Thread 3 ] DEBUG Engine               - isFullScreenAllowed: true
01:33:13.145 [FXGL Background Thread 3 ] DEBUG Engine               - isFullScreenFromStart: true
01:33:13.145 [FXGL Background Thread 3 ] DEBUG Engine               - isGameMenuEnabled: true
01:33:13.145 [FXGL Background Thread 3 ] DEBUG Engine               - isIOS: false
01:33:13.145 [FXGL Background Thread 3 ] DEBUG Engine               - isIntroEnabled: false
01:33:13.145 [FXGL Background Thread 3 ] DEBUG Engine               - isLinux: false
01:33:13.145 [FXGL Background Thread 3 ] DEBUG Engine               - isMac: false
01:33:13.145 [FXGL Background Thread 3 ] DEBUG Engine               - isMainMenuEnabled: true
01:33:13.145 [FXGL Background Thread 3 ] DEBUG Engine               - isManualResizeEnabled: false
01:33:13.145 [FXGL Background Thread 3 ] DEBUG Engine               - isMobile: false
01:33:13.145 [FXGL Background Thread 3 ] DEBUG Engine               - isNative: false
01:33:13.145 [FXGL Background Thread 3 ] DEBUG Engine               - isPauseMusicWhenMinimized: true
01:33:13.145 [FXGL Background Thread 3 ] DEBUG Engine               - isPreserveResizeRatio: false
01:33:13.145 [FXGL Background Thread 3 ] DEBUG Engine               - isProfilingEnabled: false
01:33:13.145 [FXGL Background Thread 3 ] DEBUG Engine               - isScaleAffectedOnResize: true
01:33:13.145 [FXGL Background Thread 3 ] DEBUG Engine               - isSingleStep: false
01:33:13.145 [FXGL Background Thread 3 ] DEBUG Engine               - isUserProfileEnabled: false
01:33:13.145 [FXGL Background Thread 3 ] DEBUG Engine               - isWindows: true
01:33:13.145 [FXGL Background Thread 3 ] DEBUG Engine               - language: ObjectProperty [value: ENGLISH]
01:33:13.145 [FXGL Background Thread 3 ] DEBUG Engine               - menuKey: ESCAPE
01:33:13.145 [FXGL Background Thread 3 ] DEBUG Engine               - mouseSensitivity: 0.2
01:33:13.145 [FXGL Background Thread 3 ] DEBUG Engine               - notificationViewClass: class com.almasb.fxgl.notification.view.XboxNotificationView
01:33:13.145 [FXGL Background Thread 3 ] DEBUG Engine               - pixelsPerMeter: 50.0
01:33:13.146 [FXGL Background Thread 3 ] DEBUG Engine               - platform: WINDOWS
01:33:13.146 [FXGL Background Thread 3 ] DEBUG Engine               - prefHeightProperty: ReadOnlyDoubleProperty [value: 720.0]
01:33:13.146 [FXGL Background Thread 3 ] DEBUG Engine               - prefWidthProperty: ReadOnlyDoubleProperty [value: 1280.0]
01:33:13.146 [FXGL Background Thread 3 ] DEBUG Engine               - profileDir: profiles/
01:33:13.146 [FXGL Background Thread 3 ] DEBUG Engine               - profileName: StringProperty [value: DEFAULT]
01:33:13.146 [FXGL Background Thread 3 ] DEBUG Engine               - randomSeed: -1
01:33:13.146 [FXGL Background Thread 3 ] DEBUG Engine               - runtimeInfo: RuntimeInfo(platform=WINDOWS, version=11.17, build=16.07.2021 15.46)
01:33:13.146 [FXGL Background Thread 3 ] DEBUG Engine               - saveFileExt: sav
01:33:13.146 [FXGL Background Thread 3 ] DEBUG Engine               - scaledHeightProp$fxgl: DoubleProperty [bound, value: 864.0]
01:33:13.146 [FXGL Background Thread 3 ] DEBUG Engine               - scaledWidthProp$fxgl: DoubleProperty [bound, value: 1536.0]
01:33:13.146 [FXGL Background Thread 3 ] DEBUG Engine               - sceneFactory: Bomberman.GameApp$1@4b056678
01:33:13.146 [FXGL Background Thread 3 ] DEBUG Engine               - secondsIn24h: 60
01:33:13.146 [FXGL Background Thread 3 ] DEBUG Engine               - soundMenuBack: menu/back.wav
01:33:13.146 [FXGL Background Thread 3 ] DEBUG Engine               - soundMenuPress: menu/press.wav
01:33:13.146 [FXGL Background Thread 3 ] DEBUG Engine               - soundMenuSelect: menu/select.wav
01:33:13.146 [FXGL Background Thread 3 ] DEBUG Engine               - soundNotification: core/notification.wav
01:33:13.146 [FXGL Background Thread 3 ] DEBUG Engine               - stageStyle: DECORATED
01:33:13.146 [FXGL Background Thread 3 ] DEBUG Engine               - supportedLanguages: [ENGLISH, FRENCH, GERMAN, HUNGARIAN, RUSSIAN]
01:33:13.146 [FXGL Background Thread 3 ] DEBUG Engine               - ticksPerSecond: -1
01:33:13.146 [FXGL Background Thread 3 ] DEBUG Engine               - title: BOMBER
 MAN
01:33:13.147 [FXGL Background Thread 3 ] DEBUG Engine               - urlGithub: https://github.com/AlmasB/FXGL
01:33:13.147 [FXGL Background Thread 3 ] DEBUG Engine               - urlLeaderboard: http://fxgl-top.herokuapp.com/
01:33:13.147 [FXGL Background Thread 3 ] DEBUG Engine               - urlPOM: https://raw.githubusercontent.com/AlmasB/FXGL/release/README.md
01:33:13.147 [FXGL Background Thread 3 ] DEBUG Engine               - userAppClass: class Bomberman.GameApp
01:33:13.147 [FXGL Background Thread 3 ] DEBUG Engine               - version: 1.0
01:33:13.147 [FXGL Background Thread 3 ] DEBUG Engine               - versionCheckDays: 7
01:33:13.147 [FXGL Background Thread 3 ] DEBUG Engine               - width: 1280
01:33:13.147 [FXGL Background Thread 3 ] DEBUG Engine               - Logging services
01:33:13.147 [FXGL Background Thread 3 ] DEBUG Engine               - class com.almasb.fxgl.app.services.FXGLAssetLoaderService
01:33:13.147 [FXGL Background Thread 3 ] DEBUG Engine               - class com.almasb.fxgl.app.FXGLApplication$GameApplicationService
01:33:13.147 [FXGL Background Thread 3 ] DEBUG Engine               - class com.almasb.fxgl.app.services.FXGLDialogService
01:33:13.147 [FXGL Background Thread 3 ] DEBUG Engine               - class com.almasb.fxgl.app.services.IOTaskExecutorService
01:33:13.147 [FXGL Background Thread 3 ] DEBUG Engine               - class com.almasb.fxgl.io.FileSystemService
01:33:13.147 [FXGL Background Thread 3 ] DEBUG Engine               - class com.almasb.fxgl.localization.LocalizationService
01:33:13.147 [FXGL Background Thread 3 ] DEBUG Engine               - class com.almasb.fxgl.app.services.SystemBundleService
01:33:13.147 [FXGL Background Thread 3 ] DEBUG Engine               - class com.almasb.fxgl.profile.SaveLoadService
01:33:13.147 [FXGL Background Thread 3 ] DEBUG Engine               - class com.almasb.fxgl.ui.FXGLUIFactoryServiceProvider
01:33:13.147 [FXGL Background Thread 3 ] DEBUG Engine               - class com.almasb.fxgl.ui.FXGLDialogFactoryServiceProvider
01:33:13.147 [FXGL Background Thread 3 ] DEBUG Engine               - class com.almasb.fxgl.audio.AudioPlayer
01:33:13.147 [FXGL Background Thread 3 ] DEBUG Engine               - class com.almasb.fxgl.notification.impl.NotificationServiceProvider
01:33:13.147 [FXGL Background Thread 3 ] DEBUG Engine               - class com.almasb.fxgl.achievement.AchievementService
01:33:13.147 [FXGL Background Thread 3 ] DEBUG Engine               - class com.almasb.fxgl.cutscene.CutsceneService
01:33:13.147 [FXGL Background Thread 3 ] DEBUG Engine               - class com.almasb.fxgl.minigames.MiniGameService
01:33:13.147 [FXGL Background Thread 3 ] DEBUG Engine               - class com.almasb.fxgl.net.NetService
01:33:13.147 [FXGL Background Thread 3 ] DEBUG Engine               - class com.almasb.fxgl.app.services.UpdaterService
01:33:13.147 [FXGL Background Thread 3 ] DEBUG Engine               - class com.almasb.fxgl.dev.DevService
01:33:14.614 [JavaFX Application Thread] DEBUG PrimaryStageWindow   - Pop state: StageStartScene
01:33:14.614 [JavaFX Application Thread] DEBUG Input                - Clearing active input actions
01:33:14.615 [JavaFX Application Thread] DEBUG GameApplicationServi - Removing overlay from StageStartScene and adding to GameScene
01:33:14.615 [JavaFX Application Thread] DEBUG PrimaryStageWindow   - GameScene <- StageStartScene
01:33:39.429 [JavaFX Application Thread] DEBUG PrimaryStageWindow   - Push state: GameMenu
01:33:39.429 [JavaFX Application Thread] DEBUG Input                - Clearing active input actions
01:33:39.430 [JavaFX Application Thread] DEBUG GameApplicationServi - Removing overlay from GameScene and adding to GameMenu
01:33:39.430 [JavaFX Application Thread] DEBUG PrimaryStageWindow   - GameScene -> GameMenu
01:33:42.610 [JavaFX Application Thread] DEBUG Menu                 - fireExit()
01:33:42.619 [JavaFX Application Thread] DEBUG PrimaryStageWindow   - Push state: DialogSubScene
01:33:42.619 [JavaFX Application Thread] DEBUG Input                - Clearing active input actions
01:33:42.619 [JavaFX Application Thread] DEBUG GameApplicationServi - Removing overlay from GameMenu and adding to DialogSubScene
01:33:42.619 [JavaFX Application Thread] DEBUG PrimaryStageWindow   - GameMenu -> DialogSubScene
01:33:43.658 [JavaFX Application Thread] DEBUG PrimaryStageWindow   - Pop state: DialogSubScene
01:33:43.658 [JavaFX Application Thread] DEBUG Input                - Clearing active input actions
01:33:43.658 [JavaFX Application Thread] DEBUG GameApplicationServi - Removing overlay from DialogSubScene and adding to GameMenu
01:33:43.658 [JavaFX Application Thread] DEBUG PrimaryStageWindow   - GameMenu <- DialogSubScene
01:33:43.659 [JavaFX Application Thread] DEBUG FXGLApplication      - Exiting FXGL
01:33:43.659 [JavaFX Application Thread] DEBUG LoopRunner           - Stopping loop
01:33:43.659 [JavaFX Application Thread] DEBUG SystemBundleService  - Saving FXGL system data
01:33:43.661 [JavaFX Application Thread] DEBUG FileSystemAccess     - Writing to: C:\Users\lethe\code java\Bomberman\system\fxgl.bundle
01:33:43.665 [JavaFX Application Thread] DEBUG Async                - Shutting down background threads
01:33:43.665 [JavaFX Application Thread] DEBUG PrimaryStageWindow   - Closing main window
01:33:43.695 [JavaFX Application Thread] DEBUG Logger               - Closing Logger
