01:36:45.487 [main                     ] DEBUG Logger               - Configured Logger
01:36:45.490 [main                     ] DEBUG GameApplication      - Logging settings
Title: BOMBER
 MAN
Version: 1.0
Width: 1280
Height: 720
Fullscreen: true
Intro: false
Profiling: false
Single step:false
App Mode: DEVELOPER
Menu Key: ESCAPE
Stage Style: DECORATED
Scene Factory: class Bomberman.GameApp$1

01:36:45.722 [JavaFX Application Thread] DEBUG FXGLApplication      - Initializing FXGL
01:36:45.724 [JavaFX Application Thread] INFO  Engine               - FXGL-11.17 (16.07.2021 15.46) on WINDOWS (J:21.0.4 FX:20.0.2)
01:36:45.724 [JavaFX Application Thread] DEBUG Engine               - JRE Vendor Name: Oracle Corporation
01:36:45.724 [JavaFX Application Thread] DEBUG Engine               - Running on OS: Windows 11 version 10.0
01:36:45.724 [JavaFX Application Thread] DEBUG Engine               - Architecture: amd64
01:36:45.724 [JavaFX Application Thread] INFO  Engine               - Source code and latest versions at: https://github.com/AlmasB/FXGL
01:36:45.724 [JavaFX Application Thread] INFO  Engine               -              Join the FXGL chat at: https://gitter.im/AlmasB/FXGL
01:36:45.825 [JavaFX Application Thread] DEBUG PrimaryStageWindow   - Creating a JavaFX scene
01:36:45.879 [JavaFX Application Thread] DEBUG PrimaryStageWindow   - Target settings size: 1280.0 x 720.0
01:36:45.879 [JavaFX Application Thread] DEBUG PrimaryStageWindow   - Scaled scene size:    1280.0 x 720.0
01:36:45.879 [JavaFX Application Thread] DEBUG PrimaryStageWindow   - Scaled ratio: (1.0, 1.0)
01:36:45.880 [JavaFX Application Thread] DEBUG PrimaryStageWindow   - Set initial scene to FXGLStartupScene
01:36:45.885 [JavaFX Application Thread] DEBUG PrimaryStageWindow   - Opening main window
01:36:45.992 [JavaFX Application Thread] DEBUG PrimaryStageWindow   - Window border size: (14.4000244140625, 37.5999755859375)
01:36:45.993 [JavaFX Application Thread] DEBUG PrimaryStageWindow   - Scaled size: 1280.0 x 720.0
01:36:45.993 [JavaFX Application Thread] DEBUG PrimaryStageWindow   - Scaled ratio: (1.0, 1.0)
01:36:45.993 [JavaFX Application Thread] DEBUG PrimaryStageWindow   - Scene size: 1280.0 x 720.0
01:36:45.993 [JavaFX Application Thread] DEBUG PrimaryStageWindow   - Stage size: 1294.4000244140625 x 757.5999755859375
01:36:46.106 [JavaFX Application Thread] DEBUG PrimaryStageWindow   - Going fullscreen
01:36:46.122 [FXGL Background Thread 1 ] DEBUG Engine               - Initializing environment variables
01:36:46.234 [FXGL Background Thread 1 ] DEBUG FXGLAssetLoaderServi - User app class for loading assets: class Bomberman.GameApp
01:36:46.234 [FXGL Background Thread 1 ] DEBUG GameApplicationServi - Applying CSS: fxgl_dark.css
01:36:46.237 [FXGL Background Thread 1 ] DEBUG FXGLAssetLoaderServi - Loading from file system: jar:file:/C:/Users/lethe/.m2/repository/com/github/almasb/fxgl/11.17/fxgl-11.17.jar!/fxglassets/ui/css/fxgl_dark.css
01:36:46.290 [FXGL Background Thread 1 ] DEBUG GameApplicationServi - Initializing application scenes
01:36:46.346 [FXGL Background Thread 1 ] DEBUG GameWorld            - Game world initialized
01:36:46.448 [FXGL Background Thread 1 ] DEBUG PhysicsWorld         - Physics world initialized: appHeight=720, physics.ppm=50.0
01:36:46.448 [FXGL Background Thread 1 ] DEBUG PhysicsWorld         - Using strategy: BRUTE_FORCE
01:36:46.453 [FXGL Background Thread 1 ] DEBUG GameScene            - Game scene initialized: 1280x720
01:36:46.552 [FXGL Background Thread 1 ] DEBUG GameApplicationServi - Application scenes initialized
01:36:46.559 [FXGL Background Thread 1 ] DEBUG SystemBundleService  - Loading FXGL system data
01:36:46.563 [FXGL Background Thread 1 ] DEBUG FileSystemAccess     - Reading from: C:\Users\lethe\code java\Bomberman\system\fxgl.bundle
01:36:46.571 [FXGL Background Thread 1 ] DEBUG SystemBundleService  - Bundle FXGL: {}
01:36:46.572 [FXGL Background Thread 1 ] DEBUG UpdaterService       - Checking for updates
01:36:46.576 [FXGL Background Thread 4 ] DEBUG FXGLApplication      - Loading fonts
01:36:46.577 [FXGL Background Thread 1 ] DEBUG FXGLApplication      - Loading default localization
01:36:46.577 [FXGL Background Thread 4 ] DEBUG FXGLAssetLoaderServi - Loading from file system: file:/C:/Users/lethe/code%20java/Bomberman/target/classes/assets/ui/fonts/game_font.ttf
01:36:46.578 [FXGL Background Thread 1 ] DEBUG FXGLAssetLoaderServi - Loading from file system: jar:file:/C:/Users/lethe/.m2/repository/com/github/almasb/fxgl/11.17/fxgl-11.17.jar!/fxglassets/languages/english.lang
01:36:46.595 [FXGL Background Thread 1 ] INFO  FXGLApplication      - FXGL initialization took: 0.472 sec
01:36:46.609 [JavaFX Application Thread] DEBUG Input                - Registered new binding: Move Up - T
01:36:46.609 [JavaFX Application Thread] DEBUG Input                - Registered new binding: Move Down - G
01:36:46.610 [JavaFX Application Thread] DEBUG Input                - Registered new binding: Move Left - F
01:36:46.610 [JavaFX Application Thread] DEBUG Input                - Registered new binding: Move Right - H
01:36:46.610 [JavaFX Application Thread] DEBUG Input                - Registered new binding: Place Bomb - Enter
01:36:46.611 [JavaFX Application Thread] DEBUG FXGLAssetLoaderServi - Loading from file system: jar:file:/C:/Users/lethe/.m2/repository/com/github/almasb/fxgl/11.17/fxgl-11.17.jar!/fxglassets/textures/fxgl_icon.png
01:36:46.646 [JavaFX Application Thread] DEBUG FXGLAssetLoaderServi - Loading from file system: jar:file:/C:/Users/lethe/.m2/repository/com/github/almasb/fxgl/11.17/fxgl-11.17.jar!/fxglassets/textures/fxgl_default_cursor.png
01:36:46.648 [JavaFX Application Thread] DEBUG Input                - Registered new binding: Screenshot - CTRL+8
01:36:46.650 [JavaFX Application Thread] DEBUG Input                - Registered new binding: System info dump - CTRL+9
01:36:46.650 [JavaFX Application Thread] DEBUG Input                - Registered new binding: Restart - CTRL+R
01:36:46.650 [JavaFX Application Thread] DEBUG Input                - Registered new binding: Toggle Debug Camera - CTRL+C
01:36:46.654 [JavaFX Application Thread] DEBUG LoopRunner           - Starting loop
01:36:46.654 [JavaFX Application Thread] DEBUG LoopRunner           - Initializing JavaFX AnimationTimerLoop
01:36:46.656 [JavaFX Application Thread] DEBUG Input                - Clearing active input actions
01:36:46.666 [JavaFX Application Thread] DEBUG GameApplicationServi - Removing overlay from FXGLStartupScene and adding to FXGLMainMenuDummyScene
01:36:46.666 [JavaFX Application Thread] DEBUG PrimaryStageWindow   - FXGLStartupScene -> FXGLMainMenuDummyScene
01:36:46.666 [JavaFX Application Thread] DEBUG PrimaryStageWindow   - Push state: MainMenu
01:36:46.667 [JavaFX Application Thread] DEBUG Input                - Clearing active input actions
01:36:46.672 [JavaFX Application Thread] DEBUG GameApplicationServi - Removing overlay from FXGLMainMenuDummyScene and adding to MainMenu
01:36:46.672 [JavaFX Application Thread] DEBUG PrimaryStageWindow   - FXGLMainMenuDummyScene -> MainMenu
01:36:46.673 [FXGL Background Thread 4 ] DEBUG FXGLAssetLoaderServi - Loading from file system: jar:file:/C:/Users/lethe/.m2/repository/com/github/almasb/fxgl/11.17/fxgl-11.17.jar!/fxglassets/ui/fonts/Abel-Regular.ttf
01:36:46.679 [FXGL Background Thread 4 ] DEBUG FXGLAssetLoaderServi - Loading from file system: jar:file:/C:/Users/lethe/.m2/repository/com/github/almasb/fxgl/11.17/fxgl-11.17.jar!/fxglassets/ui/fonts/lucida_console.ttf
01:36:46.686 [FXGL Background Thread 4 ] DEBUG FXGLAssetLoaderServi - Loading from file system: jar:file:/C:/Users/lethe/.m2/repository/com/github/almasb/fxgl/11.17/fxgl-11.17.jar!/fxglassets/ui/fonts/Courier-Prime.ttf
01:36:46.705 [JavaFX Application Thread] DEBUG FXGLApplication      - Registering font factories with UI factory
01:36:48.690 [JavaFX Application Thread] DEBUG Menu                 - fireNewGame()
01:36:48.691 [JavaFX Application Thread] DEBUG GameApplicationServi - Starting new game
01:36:48.691 [JavaFX Application Thread] DEBUG PrimaryStageWindow   - Pop state: MainMenu
01:36:48.691 [JavaFX Application Thread] DEBUG Input                - Clearing active input actions
01:36:48.691 [JavaFX Application Thread] DEBUG GameApplicationServi - Removing overlay from MainMenu and adding to FXGLMainMenuDummyScene
01:36:48.692 [JavaFX Application Thread] DEBUG PrimaryStageWindow   - FXGLMainMenuDummyScene <- MainMenu
01:36:48.692 [JavaFX Application Thread] DEBUG Input                - Clearing active input actions
01:36:48.699 [JavaFX Application Thread] DEBUG GameApplicationServi - Removing overlay from FXGLMainMenuDummyScene and adding to FXGLLoadingScene
01:36:48.699 [JavaFX Application Thread] DEBUG PrimaryStageWindow   - FXGLMainMenuDummyScene -> FXGLLoadingScene
01:36:48.699 [JavaFX Application Thread] DEBUG GameApplicationServi - Clearing previous game
01:36:48.699 [JavaFX Application Thread] DEBUG GameScene            - Clearing game scene
01:36:48.699 [JavaFX Application Thread] DEBUG GameWorld            - Clearing game world
01:36:48.699 [JavaFX Application Thread] DEBUG PhysicsWorld         - Clearing physics world
01:36:48.702 [FXGL Background Thread 4 ] DEBUG FXGLApplication      - Initializing game
01:36:48.704 [FXGL Background Thread 2 ] INFO  UpdaterService       - Your current version:  11.17
01:36:48.704 [FXGL Background Thread 2 ] INFO  UpdaterService       - Latest stable version: 21.1
01:36:48.742 [FXGL Background Thread 4 ] WARN  TMXLevelLoader       - TiledMap generated from 1.7.2. Supported version: 1.2.3. Some features may not be parsed fully.
01:36:48.764 [FXGL Background Thread 4 ] DEBUG TMXLevelLoader       - Parsed TiledMap: file:/C:/Users/lethe/code%20java/Bomberman/target/classes/assets/levels/level1.tmx
01:36:48.765 [FXGL Background Thread 4 ] DEBUG TMXLevelLoader       - Creating tile layer entities
01:36:48.768 [FXGL Background Thread 4 ] DEBUG TilesetLoader        - Loading view for layer Tile Layer 1
01:36:48.770 [FXGL Background Thread 4 ] DEBUG TilesetLoader        - Created buffer with size 1488.0x720.0
01:36:48.784 [FXGL Background Thread 4 ] DEBUG TMXLevelLoader       - Creating object layer entities
01:36:48.823 [FXGL Background Thread 4 ] DEBUG FXGLAssetLoaderServi - Loading from file system: file:/C:/Users/lethe/code%20java/Bomberman/target/classes/assets/textures/player_die.png
01:36:48.824 [FXGL Background Thread 4 ] DEBUG FXGLAssetLoaderServi - Loading from file system: file:/C:/Users/lethe/code%20java/Bomberman/target/classes/assets/textures/player_down.png
01:36:48.826 [FXGL Background Thread 4 ] DEBUG FXGLAssetLoaderServi - Loading from file system: file:/C:/Users/lethe/code%20java/Bomberman/target/classes/assets/textures/player_right.png
01:36:48.828 [FXGL Background Thread 4 ] DEBUG FXGLAssetLoaderServi - Loading from file system: file:/C:/Users/lethe/code%20java/Bomberman/target/classes/assets/textures/player_up.png
01:36:48.829 [FXGL Background Thread 4 ] DEBUG FXGLAssetLoaderServi - Loading from file system: file:/C:/Users/lethe/code%20java/Bomberman/target/classes/assets/textures/player_left.png
01:36:48.833 [FXGL Background Thread 4 ] DEBUG FXGLAssetLoaderServi - Loading from file system: file:/C:/Users/lethe/code%20java/Bomberman/target/classes/assets/textures/enemy1.png
01:36:48.861 [FXGL Background Thread 4 ] DEBUG FXGLAssetLoaderServi - Loading from file system: file:/C:/Users/lethe/code%20java/Bomberman/target/classes/assets/textures/enemy2.png
01:36:48.867 [FXGL Background Thread 4 ] DEBUG FXGLAssetLoaderServi - Loading from file system: file:/C:/Users/lethe/code%20java/Bomberman/target/classes/assets/textures/brick.png
01:36:48.876 [FXGL Background Thread 4 ] DEBUG FXGLAssetLoaderServi - Loading from file system: file:/C:/Users/lethe/code%20java/Bomberman/target/classes/assets/textures/powerup_speed.png
01:36:48.880 [FXGL Background Thread 4 ] DEBUG FXGLAssetLoaderServi - Loading from file system: file:/C:/Users/lethe/code%20java/Bomberman/target/classes/assets/textures/powerup_bombs.png
01:36:48.904 [FXGL Background Thread 4 ] DEBUG GameWorld            - Clearing removable entities
01:36:48.904 [FXGL Background Thread 4 ] DEBUG GameWorld            - Setting level: com.almasb.fxgl.entity.level.Level@7cb7cf93
01:36:48.958 [FXGL Background Thread 4 ] INFO  FXGLApplication      - Game initialization took: 0.256 sec
01:36:48.963 [JavaFX Application Thread] DEBUG Input                - Clearing active input actions
01:36:48.977 [JavaFX Application Thread] DEBUG GameApplicationServi - Removing overlay from FXGLLoadingScene and adding to GameScene
01:36:48.978 [JavaFX Application Thread] DEBUG PrimaryStageWindow   - FXGLLoadingScene -> GameScene
01:36:48.983 [JavaFX Application Thread] DEBUG FXGLAssetLoaderServi - Loading from file system: file:/C:/Users/lethe/code%20java/Bomberman/target/classes/assets/sounds/stage_start.wav
01:36:49.038 [JavaFX Application Thread] DEBUG PrimaryStageWindow   - Push state: StageStartScene
01:36:49.038 [JavaFX Application Thread] DEBUG Input                - Clearing active input actions
01:36:49.038 [JavaFX Application Thread] DEBUG GameApplicationServi - Removing overlay from GameScene and adding to StageStartScene
01:36:49.039 [JavaFX Application Thread] DEBUG PrimaryStageWindow   - GameScene -> StageStartScene
01:36:49.576 [FXGL Background Thread 3 ] DEBUG Engine               - Logging environment variables
01:36:49.576 [FXGL Background Thread 3 ] DEBUG Engine               - achievements: []
01:36:49.576 [FXGL Background Thread 3 ] DEBUG Engine               - actualHeight: 864.0
01:36:49.576 [FXGL Background Thread 3 ] DEBUG Engine               - actualHeightProperty: ReadOnlyDoubleProperty [value: 864.0]
01:36:49.576 [FXGL Background Thread 3 ] DEBUG Engine               - actualWidth: 1536.0
01:36:49.576 [FXGL Background Thread 3 ] DEBUG Engine               - actualWidthProperty: ReadOnlyDoubleProperty [value: 1536.0]
01:36:49.576 [FXGL Background Thread 3 ] DEBUG Engine               - appIcon: fxgl_icon.png
01:36:49.576 [FXGL Background Thread 3 ] DEBUG Engine               - applicationMode: DEVELOPER
01:36:49.576 [FXGL Background Thread 3 ] DEBUG Engine               - cSSList: [fxgl_dark.css]
01:36:49.576 [FXGL Background Thread 3 ] DEBUG Engine               - collisionDetectionStrategy: BRUTE_FORCE
01:36:49.576 [FXGL Background Thread 3 ] DEBUG Engine               - configClass: Optional.empty
01:36:49.577 [FXGL Background Thread 3 ] DEBUG Engine               - credits: []
01:36:49.577 [FXGL Background Thread 3 ] DEBUG Engine               - defaultCursor: CursorInfo(imageName=fxgl_default_cursor.png, hotspotX=7.0, hotspotY=6.0)
01:36:49.577 [FXGL Background Thread 3 ] DEBUG Engine               - devBBoxColorProperty: ObjectProperty [value: 0xff0000ff]
01:36:49.577 [FXGL Background Thread 3 ] DEBUG Engine               - devEnableDebugCameraProperty: BooleanProperty [value: false]
01:36:49.577 [FXGL Background Thread 3 ] DEBUG Engine               - devSensorColorProperty: ObjectProperty [value: 0xffff00ff]
01:36:49.577 [FXGL Background Thread 3 ] DEBUG Engine               - devShowBBoxProperty: BooleanProperty [value: false]
01:36:49.577 [FXGL Background Thread 3 ] DEBUG Engine               - devShowPositionProperty: BooleanProperty [value: false]
01:36:49.577 [FXGL Background Thread 3 ] DEBUG Engine               - enabledMenuItems: []
01:36:49.577 [FXGL Background Thread 3 ] DEBUG Engine               - engineServices: [class com.almasb.fxgl.app.services.FXGLAssetLoaderService, class com.almasb.fxgl.app.FXGLApplication$GameApplicationService, class com.almasb.fxgl.app.services.FXGLDialogService, class com.almasb.fxgl.app.services.IOTaskExecutorService, class com.almasb.fxgl.io.FileSystemService, class com.almasb.fxgl.localization.LocalizationService, class com.almasb.fxgl.app.services.SystemBundleService, class com.almasb.fxgl.profile.SaveLoadService, class com.almasb.fxgl.ui.FXGLUIFactoryServiceProvider, class com.almasb.fxgl.ui.FXGLDialogFactoryServiceProvider, class com.almasb.fxgl.audio.AudioPlayer, class com.almasb.fxgl.notification.impl.NotificationServiceProvider, class com.almasb.fxgl.achievement.AchievementService, class com.almasb.fxgl.cutscene.CutsceneService, class com.almasb.fxgl.minigames.MiniGameService, class com.almasb.fxgl.net.NetService, class com.almasb.fxgl.app.services.UpdaterService, class com.almasb.fxgl.dev.DevService]
01:36:49.577 [FXGL Background Thread 3 ] DEBUG Engine               - fontGame: Abel-Regular.ttf
01:36:49.577 [FXGL Background Thread 3 ] DEBUG Engine               - fontMono: lucida_console.ttf
01:36:49.577 [FXGL Background Thread 3 ] DEBUG Engine               - fontText: Courier-Prime.ttf
01:36:49.577 [FXGL Background Thread 3 ] DEBUG Engine               - fontUI: game_font.ttf
01:36:49.577 [FXGL Background Thread 3 ] DEBUG Engine               - fullScreen: BooleanProperty [value: true]
01:36:49.577 [FXGL Background Thread 3 ] DEBUG Engine               - gameDifficulty: MEDIUM
01:36:49.577 [FXGL Background Thread 3 ] DEBUG Engine               - gameDifficultyProperty: ObjectProperty [value: MEDIUM]
01:36:49.577 [FXGL Background Thread 3 ] DEBUG Engine               - globalMusicVolume: 0.5
01:36:49.577 [FXGL Background Thread 3 ] DEBUG Engine               - globalMusicVolumeProperty: DoubleProperty [value: 0.0]
01:36:49.577 [FXGL Background Thread 3 ] DEBUG Engine               - globalSoundVolume: 0.5
01:36:49.577 [FXGL Background Thread 3 ] DEBUG Engine               - globalSoundVolumeProperty: DoubleProperty [value: 0.5]
01:36:49.577 [FXGL Background Thread 3 ] DEBUG Engine               - height: 720
01:36:49.577 [FXGL Background Thread 3 ] DEBUG Engine               - is3D: false
01:36:49.577 [FXGL Background Thread 3 ] DEBUG Engine               - isAndroid: false
01:36:49.577 [FXGL Background Thread 3 ] DEBUG Engine               - isBrowser: false
01:36:49.577 [FXGL Background Thread 3 ] DEBUG Engine               - isClickFeedbackEnabled: false
01:36:49.577 [FXGL Background Thread 3 ] DEBUG Engine               - isCloseConfirmation: false
01:36:49.578 [FXGL Background Thread 3 ] DEBUG Engine               - isDesktop: true
01:36:49.578 [FXGL Background Thread 3 ] DEBUG Engine               - isDeveloperMenuEnabled: false
01:36:49.578 [FXGL Background Thread 3 ] DEBUG Engine               - isEntityPreloadEnabled: true
01:36:49.578 [FXGL Background Thread 3 ] DEBUG Engine               - isExperimentalTiledLargeMap: false
01:36:49.578 [FXGL Background Thread 3 ] DEBUG Engine               - isFileSystemWriteAllowed: true
01:36:49.578 [FXGL Background Thread 3 ] DEBUG Engine               - isFullScreenAllowed: true
01:36:49.578 [FXGL Background Thread 3 ] DEBUG Engine               - isFullScreenFromStart: true
01:36:49.578 [FXGL Background Thread 3 ] DEBUG Engine               - isGameMenuEnabled: true
01:36:49.578 [FXGL Background Thread 3 ] DEBUG Engine               - isIOS: false
01:36:49.578 [FXGL Background Thread 3 ] DEBUG Engine               - isIntroEnabled: false
01:36:49.578 [FXGL Background Thread 3 ] DEBUG Engine               - isLinux: false
01:36:49.578 [FXGL Background Thread 3 ] DEBUG Engine               - isMac: false
01:36:49.578 [FXGL Background Thread 3 ] DEBUG Engine               - isMainMenuEnabled: true
01:36:49.578 [FXGL Background Thread 3 ] DEBUG Engine               - isManualResizeEnabled: false
01:36:49.578 [FXGL Background Thread 3 ] DEBUG Engine               - isMobile: false
01:36:49.578 [FXGL Background Thread 3 ] DEBUG Engine               - isNative: false
01:36:49.578 [FXGL Background Thread 3 ] DEBUG Engine               - isPauseMusicWhenMinimized: true
01:36:49.578 [FXGL Background Thread 3 ] DEBUG Engine               - isPreserveResizeRatio: false
01:36:49.578 [FXGL Background Thread 3 ] DEBUG Engine               - isProfilingEnabled: false
01:36:49.578 [FXGL Background Thread 3 ] DEBUG Engine               - isScaleAffectedOnResize: true
01:36:49.578 [FXGL Background Thread 3 ] DEBUG Engine               - isSingleStep: false
01:36:49.578 [FXGL Background Thread 3 ] DEBUG Engine               - isUserProfileEnabled: false
01:36:49.578 [FXGL Background Thread 3 ] DEBUG Engine               - isWindows: true
01:36:49.578 [FXGL Background Thread 3 ] DEBUG Engine               - language: ObjectProperty [value: ENGLISH]
01:36:49.578 [FXGL Background Thread 3 ] DEBUG Engine               - menuKey: ESCAPE
01:36:49.578 [FXGL Background Thread 3 ] DEBUG Engine               - mouseSensitivity: 0.2
01:36:49.578 [FXGL Background Thread 3 ] DEBUG Engine               - notificationViewClass: class com.almasb.fxgl.notification.view.XboxNotificationView
01:36:49.578 [FXGL Background Thread 3 ] DEBUG Engine               - pixelsPerMeter: 50.0
01:36:49.578 [FXGL Background Thread 3 ] DEBUG Engine               - platform: WINDOWS
01:36:49.578 [FXGL Background Thread 3 ] DEBUG Engine               - prefHeightProperty: ReadOnlyDoubleProperty [value: 720.0]
01:36:49.578 [FXGL Background Thread 3 ] DEBUG Engine               - prefWidthProperty: ReadOnlyDoubleProperty [value: 1280.0]
01:36:49.578 [FXGL Background Thread 3 ] DEBUG Engine               - profileDir: profiles/
01:36:49.578 [FXGL Background Thread 3 ] DEBUG Engine               - profileName: StringProperty [value: DEFAULT]
01:36:49.579 [FXGL Background Thread 3 ] DEBUG Engine               - randomSeed: -1
01:36:49.579 [FXGL Background Thread 3 ] DEBUG Engine               - runtimeInfo: RuntimeInfo(platform=WINDOWS, version=11.17, build=16.07.2021 15.46)
01:36:49.579 [FXGL Background Thread 3 ] DEBUG Engine               - saveFileExt: sav
01:36:49.579 [FXGL Background Thread 3 ] DEBUG Engine               - scaledHeightProp$fxgl: DoubleProperty [bound, value: 864.0]
01:36:49.579 [FXGL Background Thread 3 ] DEBUG Engine               - scaledWidthProp$fxgl: DoubleProperty [bound, value: 1536.0]
01:36:49.579 [FXGL Background Thread 3 ] DEBUG Engine               - sceneFactory: Bomberman.GameApp$1@1484aa33
01:36:49.579 [FXGL Background Thread 3 ] DEBUG Engine               - secondsIn24h: 60
01:36:49.579 [FXGL Background Thread 3 ] DEBUG Engine               - soundMenuBack: menu/back.wav
01:36:49.579 [FXGL Background Thread 3 ] DEBUG Engine               - soundMenuPress: menu/press.wav
01:36:49.579 [FXGL Background Thread 3 ] DEBUG Engine               - soundMenuSelect: menu/select.wav
01:36:49.579 [FXGL Background Thread 3 ] DEBUG Engine               - soundNotification: core/notification.wav
01:36:49.579 [FXGL Background Thread 3 ] DEBUG Engine               - stageStyle: DECORATED
01:36:49.579 [FXGL Background Thread 3 ] DEBUG Engine               - supportedLanguages: [ENGLISH, FRENCH, GERMAN, HUNGARIAN, RUSSIAN]
01:36:49.579 [FXGL Background Thread 3 ] DEBUG Engine               - ticksPerSecond: -1
01:36:49.579 [FXGL Background Thread 3 ] DEBUG Engine               - title: BOMBER
 MAN
01:36:49.579 [FXGL Background Thread 3 ] DEBUG Engine               - urlGithub: https://github.com/AlmasB/FXGL
01:36:49.579 [FXGL Background Thread 3 ] DEBUG Engine               - urlLeaderboard: http://fxgl-top.herokuapp.com/
01:36:49.579 [FXGL Background Thread 3 ] DEBUG Engine               - urlPOM: https://raw.githubusercontent.com/AlmasB/FXGL/release/README.md
01:36:49.579 [FXGL Background Thread 3 ] DEBUG Engine               - userAppClass: class Bomberman.GameApp
01:36:49.579 [FXGL Background Thread 3 ] DEBUG Engine               - version: 1.0
01:36:49.579 [FXGL Background Thread 3 ] DEBUG Engine               - versionCheckDays: 7
01:36:49.579 [FXGL Background Thread 3 ] DEBUG Engine               - width: 1280
01:36:49.579 [FXGL Background Thread 3 ] DEBUG Engine               - Logging services
01:36:49.579 [FXGL Background Thread 3 ] DEBUG Engine               - class com.almasb.fxgl.app.services.FXGLAssetLoaderService
01:36:49.579 [FXGL Background Thread 3 ] DEBUG Engine               - class com.almasb.fxgl.app.FXGLApplication$GameApplicationService
01:36:49.579 [FXGL Background Thread 3 ] DEBUG Engine               - class com.almasb.fxgl.app.services.FXGLDialogService
01:36:49.579 [FXGL Background Thread 3 ] DEBUG Engine               - class com.almasb.fxgl.app.services.IOTaskExecutorService
01:36:49.579 [FXGL Background Thread 3 ] DEBUG Engine               - class com.almasb.fxgl.io.FileSystemService
01:36:49.579 [FXGL Background Thread 3 ] DEBUG Engine               - class com.almasb.fxgl.localization.LocalizationService
01:36:49.579 [FXGL Background Thread 3 ] DEBUG Engine               - class com.almasb.fxgl.app.services.SystemBundleService
01:36:49.579 [FXGL Background Thread 3 ] DEBUG Engine               - class com.almasb.fxgl.profile.SaveLoadService
01:36:49.580 [FXGL Background Thread 3 ] DEBUG Engine               - class com.almasb.fxgl.ui.FXGLUIFactoryServiceProvider
01:36:49.580 [FXGL Background Thread 3 ] DEBUG Engine               - class com.almasb.fxgl.ui.FXGLDialogFactoryServiceProvider
01:36:49.580 [FXGL Background Thread 3 ] DEBUG Engine               - class com.almasb.fxgl.audio.AudioPlayer
01:36:49.580 [FXGL Background Thread 3 ] DEBUG Engine               - class com.almasb.fxgl.notification.impl.NotificationServiceProvider
01:36:49.580 [FXGL Background Thread 3 ] DEBUG Engine               - class com.almasb.fxgl.achievement.AchievementService
01:36:49.580 [FXGL Background Thread 3 ] DEBUG Engine               - class com.almasb.fxgl.cutscene.CutsceneService
01:36:49.580 [FXGL Background Thread 3 ] DEBUG Engine               - class com.almasb.fxgl.minigames.MiniGameService
01:36:49.580 [FXGL Background Thread 3 ] DEBUG Engine               - class com.almasb.fxgl.net.NetService
01:36:49.580 [FXGL Background Thread 3 ] DEBUG Engine               - class com.almasb.fxgl.app.services.UpdaterService
01:36:49.580 [FXGL Background Thread 3 ] DEBUG Engine               - class com.almasb.fxgl.dev.DevService
01:36:52.017 [JavaFX Application Thread] DEBUG PrimaryStageWindow   - Pop state: StageStartScene
01:36:52.018 [JavaFX Application Thread] DEBUG Input                - Clearing active input actions
01:36:52.018 [JavaFX Application Thread] DEBUG GameApplicationServi - Removing overlay from StageStartScene and adding to GameScene
01:36:52.019 [JavaFX Application Thread] DEBUG PrimaryStageWindow   - GameScene <- StageStartScene
01:36:56.457 [JavaFX Application Thread] DEBUG FXGLAssetLoaderServi - Loading from file system: file:/C:/Users/lethe/code%20java/Bomberman/target/classes/assets/textures/bomb.png
01:36:56.461 [JavaFX Application Thread] DEBUG FXGLAssetLoaderServi - Loading from file system: file:/C:/Users/lethe/code%20java/Bomberman/target/classes/assets/sounds/place_bomb.wav
01:36:58.548 [JavaFX Application Thread] DEBUG FXGLAssetLoaderServi - Loading from file system: file:/C:/Users/lethe/code%20java/Bomberman/target/classes/assets/textures/top_right_flame.png
01:36:58.550 [JavaFX Application Thread] DEBUG FXGLAssetLoaderServi - Loading from file system: file:/C:/Users/lethe/code%20java/Bomberman/target/classes/assets/textures/top_left_flame.png
01:36:58.554 [JavaFX Application Thread] DEBUG FXGLAssetLoaderServi - Loading from file system: file:/C:/Users/lethe/code%20java/Bomberman/target/classes/assets/textures/top_down_flame.png
01:36:58.556 [JavaFX Application Thread] DEBUG FXGLAssetLoaderServi - Loading from file system: file:/C:/Users/lethe/code%20java/Bomberman/target/classes/assets/textures/top_up_flame.png
01:36:58.558 [JavaFX Application Thread] DEBUG FXGLAssetLoaderServi - Loading from file system: file:/C:/Users/lethe/code%20java/Bomberman/target/classes/assets/textures/central_flame.png
01:36:58.560 [JavaFX Application Thread] DEBUG FXGLAssetLoaderServi - Loading from file system: file:/C:/Users/lethe/code%20java/Bomberman/target/classes/assets/sounds/explosion.wav
01:37:06.218 [JavaFX Application Thread] DEBUG FXGLAssetLoaderServi - Loading from file system: file:/C:/Users/lethe/code%20java/Bomberman/target/classes/assets/textures/brick_break.png
01:37:28.259 [JavaFX Application Thread] DEBUG FXGLAssetLoaderServi - Loading from file system: file:/C:/Users/lethe/code%20java/Bomberman/target/classes/assets/sounds/player_die.wav
01:37:31.449 [JavaFX Application Thread] WARN  TMXLevelLoader       - TiledMap generated from 1.7.2. Supported version: 1.2.3. Some features may not be parsed fully.
01:37:31.462 [JavaFX Application Thread] DEBUG TMXLevelLoader       - Parsed TiledMap: file:/C:/Users/lethe/code%20java/Bomberman/target/classes/assets/levels/level1.tmx
01:37:31.462 [JavaFX Application Thread] DEBUG TMXLevelLoader       - Creating tile layer entities
01:37:31.463 [JavaFX Application Thread] DEBUG TilesetLoader        - Loading view for layer Tile Layer 1
01:37:31.464 [JavaFX Application Thread] DEBUG TilesetLoader        - Created buffer with size 1488.0x720.0
01:37:31.475 [JavaFX Application Thread] DEBUG TMXLevelLoader       - Creating object layer entities
01:37:31.516 [JavaFX Application Thread] DEBUG GameWorld            - Clearing removable entities
01:37:31.524 [JavaFX Application Thread] DEBUG GameWorld            - Setting level: com.almasb.fxgl.entity.level.Level@235c2eb2
01:42:11.364 [JavaFX Application Thread] DEBUG PrimaryStageWindow   - Push state: DialogSubScene
01:42:11.364 [JavaFX Application Thread] DEBUG Input                - Clearing active input actions
01:42:11.365 [JavaFX Application Thread] DEBUG GameApplicationServi - Removing overlay from GameScene and adding to DialogSubScene
01:42:11.365 [JavaFX Application Thread] DEBUG PrimaryStageWindow   - GameScene -> DialogSubScene
01:51:12.071 [JavaFX Application Thread] DEBUG PrimaryStageWindow   - Pop state: DialogSubScene
01:51:12.071 [JavaFX Application Thread] DEBUG Input                - Clearing active input actions
01:51:12.072 [JavaFX Application Thread] DEBUG GameApplicationServi - Removing overlay from DialogSubScene and adding to GameScene
01:51:12.073 [JavaFX Application Thread] DEBUG PrimaryStageWindow   - GameScene <- DialogSubScene
01:51:15.396 [JavaFX Application Thread] WARN  TMXLevelLoader       - TiledMap generated from 1.7.2. Supported version: 1.2.3. Some features may not be parsed fully.
01:51:15.405 [JavaFX Application Thread] DEBUG TMXLevelLoader       - Parsed TiledMap: file:/C:/Users/lethe/code%20java/Bomberman/target/classes/assets/levels/level1.tmx
01:51:15.406 [JavaFX Application Thread] DEBUG TMXLevelLoader       - Creating tile layer entities
01:51:15.408 [JavaFX Application Thread] DEBUG TilesetLoader        - Loading view for layer Tile Layer 1
01:51:15.419 [JavaFX Application Thread] DEBUG TilesetLoader        - Created buffer with size 1488.0x720.0
01:51:15.434 [JavaFX Application Thread] DEBUG TMXLevelLoader       - Creating object layer entities
01:51:15.514 [JavaFX Application Thread] DEBUG GameWorld            - Clearing removable entities
01:51:15.523 [JavaFX Application Thread] DEBUG GameWorld            - Setting level: com.almasb.fxgl.entity.level.Level@5cdb839
01:52:47.983 [JavaFX Application Thread] DEBUG FXGLAssetLoaderServi - Loading from file system: file:/C:/Users/lethe/code%20java/Bomberman/target/classes/assets/sounds/ending.wav
01:52:47.999 [JavaFX Application Thread] DEBUG PrimaryStageWindow   - Push state: EndingScene
01:52:47.999 [JavaFX Application Thread] DEBUG Input                - Clearing active input actions
01:52:47.999 [JavaFX Application Thread] DEBUG GameApplicationServi - Removing overlay from GameScene and adding to EndingScene
01:52:47.999 [JavaFX Application Thread] DEBUG PrimaryStageWindow   - GameScene -> EndingScene
01:53:01.969 [JavaFX Application Thread] DEBUG PrimaryStageWindow   - Pop state: EndingScene
01:53:01.969 [JavaFX Application Thread] DEBUG Input                - Clearing active input actions
01:53:01.969 [JavaFX Application Thread] DEBUG GameApplicationServi - Removing overlay from EndingScene and adding to GameScene
01:53:01.969 [JavaFX Application Thread] DEBUG PrimaryStageWindow   - GameScene <- EndingScene
01:53:01.970 [JavaFX Application Thread] DEBUG Input                - Clearing active input actions
01:53:01.984 [JavaFX Application Thread] DEBUG GameApplicationServi - Removing overlay from GameScene and adding to FXGLMainMenuDummyScene
01:53:01.984 [JavaFX Application Thread] DEBUG PrimaryStageWindow   - GameScene -> FXGLMainMenuDummyScene
01:53:01.984 [JavaFX Application Thread] DEBUG PrimaryStageWindow   - Push state: MainMenu
01:53:01.984 [JavaFX Application Thread] DEBUG Input                - Clearing active input actions
01:53:01.984 [JavaFX Application Thread] DEBUG GameApplicationServi - Removing overlay from FXGLMainMenuDummyScene and adding to MainMenu
01:53:01.984 [JavaFX Application Thread] DEBUG PrimaryStageWindow   - FXGLMainMenuDummyScene -> MainMenu
01:53:03.550 [JavaFX Application Thread] DEBUG PrimaryStageWindow   - Push state: DialogSubScene
01:53:03.550 [JavaFX Application Thread] DEBUG Input                - Clearing active input actions
01:53:03.554 [JavaFX Application Thread] DEBUG GameApplicationServi - Removing overlay from MainMenu and adding to DialogSubScene
01:53:03.554 [JavaFX Application Thread] DEBUG PrimaryStageWindow   - MainMenu -> DialogSubScene
01:53:07.377 [JavaFX Application Thread] DEBUG PrimaryStageWindow   - Pop state: DialogSubScene
01:53:07.377 [JavaFX Application Thread] DEBUG Input                - Clearing active input actions
01:53:07.377 [JavaFX Application Thread] DEBUG GameApplicationServi - Removing overlay from DialogSubScene and adding to MainMenu
01:53:07.377 [JavaFX Application Thread] DEBUG PrimaryStageWindow   - MainMenu <- DialogSubScene
01:53:08.486 [JavaFX Application Thread] DEBUG Menu                 - fireExit()
01:53:08.491 [JavaFX Application Thread] DEBUG PrimaryStageWindow   - Push state: DialogSubScene
01:53:08.491 [JavaFX Application Thread] DEBUG Input                - Clearing active input actions
01:53:08.492 [JavaFX Application Thread] DEBUG GameApplicationServi - Removing overlay from MainMenu and adding to DialogSubScene
01:53:08.492 [JavaFX Application Thread] DEBUG PrimaryStageWindow   - MainMenu -> DialogSubScene
01:53:09.486 [JavaFX Application Thread] DEBUG PrimaryStageWindow   - Pop state: DialogSubScene
01:53:09.486 [JavaFX Application Thread] DEBUG Input                - Clearing active input actions
01:53:09.487 [JavaFX Application Thread] DEBUG GameApplicationServi - Removing overlay from DialogSubScene and adding to MainMenu
01:53:09.487 [JavaFX Application Thread] DEBUG PrimaryStageWindow   - MainMenu <- DialogSubScene
01:53:09.487 [JavaFX Application Thread] DEBUG FXGLApplication      - Exiting FXGL
01:53:09.487 [JavaFX Application Thread] DEBUG LoopRunner           - Stopping loop
01:53:09.487 [JavaFX Application Thread] DEBUG SystemBundleService  - Saving FXGL system data
01:53:09.501 [JavaFX Application Thread] DEBUG FileSystemAccess     - Writing to: C:\Users\lethe\code java\Bomberman\system\fxgl.bundle
01:53:09.507 [JavaFX Application Thread] DEBUG Async                - Shutting down background threads
01:53:09.509 [JavaFX Application Thread] DEBUG PrimaryStageWindow   - Closing main window
01:53:09.539 [JavaFX Application Thread] DEBUG Logger               - Closing Logger
