00:55:51.832 [main                     ] DEBUG Logger               - Configured Logger
00:55:51.836 [main                     ] DEBUG GameApplication      - Logging settings
Title: BOMBER
 MAN
Version: 1.0
Width: 1280
Height: 720
Fullscreen: true
Intro: false
Profiling: false
Single step:false
App Mode: DEVELOPER
Menu Key: ESCAPE
Stage Style: DECORATED
Scene Factory: class Bomberman.GameApp$1

00:55:52.050 [JavaFX Application Thread] DEBUG FXGLApplication      - Initializing FXGL
00:55:52.052 [JavaFX Application Thread] INFO  Engine               - FXGL-11.17 (16.07.2021 15.46) on WINDOWS (J:21.0.4 FX:20.0.2)
00:55:52.052 [JavaFX Application Thread] DEBUG Engine               - JRE Vendor Name: Oracle Corporation
00:55:52.052 [JavaFX Application Thread] DEBUG Engine               - Running on OS: Windows 11 version 10.0
00:55:52.053 [JavaFX Application Thread] DEBUG Engine               - Architecture: amd64
00:55:52.053 [JavaFX Application Thread] INFO  Engine               - Source code and latest versions at: https://github.com/AlmasB/FXGL
00:55:52.053 [JavaFX Application Thread] INFO  Engine               -              Join the FXGL chat at: https://gitter.im/AlmasB/FXGL
00:55:52.135 [JavaFX Application Thread] DEBUG PrimaryStageWindow   - Creating a JavaFX scene
00:55:52.180 [JavaFX Application Thread] DEBUG PrimaryStageWindow   - Target settings size: 1280.0 x 720.0
00:55:52.180 [JavaFX Application Thread] DEBUG PrimaryStageWindow   - Scaled scene size:    1280.0 x 720.0
00:55:52.180 [JavaFX Application Thread] DEBUG PrimaryStageWindow   - Scaled ratio: (1.0, 1.0)
00:55:52.181 [JavaFX Application Thread] DEBUG PrimaryStageWindow   - Set initial scene to FXGLStartupScene
00:55:52.185 [JavaFX Application Thread] DEBUG PrimaryStageWindow   - Opening main window
00:55:52.269 [JavaFX Application Thread] DEBUG PrimaryStageWindow   - Window border size: (14.4000244140625, 37.5999755859375)
00:55:52.269 [JavaFX Application Thread] DEBUG PrimaryStageWindow   - Scaled size: 1280.0 x 720.0
00:55:52.269 [JavaFX Application Thread] DEBUG PrimaryStageWindow   - Scaled ratio: (1.0, 1.0)
00:55:52.269 [JavaFX Application Thread] DEBUG PrimaryStageWindow   - Scene size: 1280.0 x 720.0
00:55:52.270 [JavaFX Application Thread] DEBUG PrimaryStageWindow   - Stage size: 1294.4000244140625 x 757.5999755859375
00:55:52.366 [JavaFX Application Thread] DEBUG PrimaryStageWindow   - Going fullscreen
00:55:52.375 [FXGL Background Thread 1 ] DEBUG Engine               - Initializing environment variables
00:55:52.482 [FXGL Background Thread 1 ] DEBUG FXGLAssetLoaderServi - User app class for loading assets: class Bomberman.GameApp
00:55:52.482 [FXGL Background Thread 1 ] DEBUG GameApplicationServi - Applying CSS: fxgl_dark.css
00:55:52.483 [FXGL Background Thread 1 ] DEBUG FXGLAssetLoaderServi - Loading from file system: jar:file:/C:/Users/lethe/.m2/repository/com/github/almasb/fxgl/11.17/fxgl-11.17.jar!/fxglassets/ui/css/fxgl_dark.css
00:55:52.518 [FXGL Background Thread 1 ] DEBUG GameApplicationServi - Initializing application scenes
00:55:52.575 [FXGL Background Thread 1 ] DEBUG GameWorld            - Game world initialized
00:55:52.680 [FXGL Background Thread 1 ] DEBUG PhysicsWorld         - Physics world initialized: appHeight=720, physics.ppm=50.0
00:55:52.680 [FXGL Background Thread 1 ] DEBUG PhysicsWorld         - Using strategy: BRUTE_FORCE
00:55:52.684 [FXGL Background Thread 1 ] DEBUG GameScene            - Game scene initialized: 1280x720
00:55:52.820 [FXGL Background Thread 1 ] DEBUG GameApplicationServi - Application scenes initialized
00:55:52.829 [FXGL Background Thread 1 ] DEBUG SystemBundleService  - Loading FXGL system data
00:55:52.836 [FXGL Background Thread 1 ] DEBUG FileSystemAccess     - Reading from: C:\Users\lethe\code java\Bomberman\system\fxgl.bundle
00:55:52.851 [FXGL Background Thread 1 ] DEBUG SystemBundleService  - Bundle FXGL: {}
00:55:52.851 [FXGL Background Thread 1 ] DEBUG UpdaterService       - Checking for updates
00:55:52.858 [FXGL Background Thread 4 ] DEBUG FXGLApplication      - Loading fonts
00:55:52.858 [FXGL Background Thread 1 ] DEBUG FXGLApplication      - Loading default localization
00:55:52.858 [FXGL Background Thread 4 ] DEBUG FXGLAssetLoaderServi - Loading from file system: file:/C:/Users/lethe/code%20java/Bomberman/target/classes/assets/ui/fonts/game_font.ttf
00:55:52.859 [FXGL Background Thread 1 ] DEBUG FXGLAssetLoaderServi - Loading from file system: jar:file:/C:/Users/lethe/.m2/repository/com/github/almasb/fxgl/11.17/fxgl-11.17.jar!/fxglassets/languages/english.lang
00:55:52.874 [FXGL Background Thread 1 ] INFO  FXGLApplication      - FXGL initialization took: 0.498 sec
00:55:52.882 [JavaFX Application Thread] DEBUG Input                - Registered new binding: Move Up - W
00:55:52.883 [JavaFX Application Thread] DEBUG Input                - Registered new binding: Move Down - S
00:55:52.883 [JavaFX Application Thread] DEBUG Input                - Registered new binding: Move Left - A
00:55:52.883 [JavaFX Application Thread] DEBUG Input                - Registered new binding: Move Right - F
00:55:52.883 [JavaFX Application Thread] DEBUG Input                - Registered new binding: Place Bomb - Space
00:55:52.885 [JavaFX Application Thread] DEBUG FXGLAssetLoaderServi - Loading from file system: jar:file:/C:/Users/lethe/.m2/repository/com/github/almasb/fxgl/11.17/fxgl-11.17.jar!/fxglassets/textures/fxgl_icon.png
00:55:52.911 [JavaFX Application Thread] DEBUG FXGLAssetLoaderServi - Loading from file system: jar:file:/C:/Users/lethe/.m2/repository/com/github/almasb/fxgl/11.17/fxgl-11.17.jar!/fxglassets/textures/fxgl_default_cursor.png
00:55:52.916 [JavaFX Application Thread] DEBUG Input                - Registered new binding: Screenshot - CTRL+8
00:55:52.917 [JavaFX Application Thread] DEBUG Input                - Registered new binding: System info dump - CTRL+9
00:55:52.917 [JavaFX Application Thread] DEBUG Input                - Registered new binding: Restart - CTRL+R
00:55:52.918 [JavaFX Application Thread] DEBUG Input                - Registered new binding: Toggle Debug Camera - CTRL+C
00:55:52.921 [JavaFX Application Thread] DEBUG LoopRunner           - Starting loop
00:55:52.921 [JavaFX Application Thread] DEBUG LoopRunner           - Initializing JavaFX AnimationTimerLoop
00:55:52.925 [JavaFX Application Thread] DEBUG Input                - Clearing active input actions
00:55:52.932 [JavaFX Application Thread] DEBUG GameApplicationServi - Removing overlay from FXGLStartupScene and adding to FXGLMainMenuDummyScene
00:55:52.933 [JavaFX Application Thread] DEBUG PrimaryStageWindow   - FXGLStartupScene -> FXGLMainMenuDummyScene
00:55:52.933 [JavaFX Application Thread] DEBUG PrimaryStageWindow   - Push state: MainMenu
00:55:52.933 [JavaFX Application Thread] DEBUG Input                - Clearing active input actions
00:55:52.936 [JavaFX Application Thread] DEBUG GameApplicationServi - Removing overlay from FXGLMainMenuDummyScene and adding to MainMenu
00:55:52.936 [JavaFX Application Thread] DEBUG PrimaryStageWindow   - FXGLMainMenuDummyScene -> MainMenu
00:55:53.009 [FXGL Background Thread 4 ] DEBUG FXGLAssetLoaderServi - Loading from file system: jar:file:/C:/Users/lethe/.m2/repository/com/github/almasb/fxgl/11.17/fxgl-11.17.jar!/fxglassets/ui/fonts/Abel-Regular.ttf
00:55:53.014 [FXGL Background Thread 4 ] DEBUG FXGLAssetLoaderServi - Loading from file system: jar:file:/C:/Users/lethe/.m2/repository/com/github/almasb/fxgl/11.17/fxgl-11.17.jar!/fxglassets/ui/fonts/lucida_console.ttf
00:55:53.022 [FXGL Background Thread 4 ] DEBUG FXGLAssetLoaderServi - Loading from file system: jar:file:/C:/Users/lethe/.m2/repository/com/github/almasb/fxgl/11.17/fxgl-11.17.jar!/fxglassets/ui/fonts/Courier-Prime.ttf
00:55:53.030 [JavaFX Application Thread] DEBUG FXGLApplication      - Registering font factories with UI factory
00:55:54.555 [FXGL Background Thread 2 ] INFO  UpdaterService       - Your current version:  11.17
00:55:54.556 [FXGL Background Thread 2 ] INFO  UpdaterService       - Latest stable version: 21.1
00:55:54.570 [JavaFX Application Thread] DEBUG Menu                 - fireNewGame()
00:55:54.570 [JavaFX Application Thread] DEBUG GameApplicationServi - Starting new game
00:55:54.571 [JavaFX Application Thread] DEBUG PrimaryStageWindow   - Pop state: MainMenu
00:55:54.571 [JavaFX Application Thread] DEBUG Input                - Clearing active input actions
00:55:54.572 [JavaFX Application Thread] DEBUG GameApplicationServi - Removing overlay from MainMenu and adding to FXGLMainMenuDummyScene
00:55:54.572 [JavaFX Application Thread] DEBUG PrimaryStageWindow   - FXGLMainMenuDummyScene <- MainMenu
00:55:54.572 [JavaFX Application Thread] DEBUG Input                - Clearing active input actions
00:55:54.581 [JavaFX Application Thread] DEBUG GameApplicationServi - Removing overlay from FXGLMainMenuDummyScene and adding to FXGLLoadingScene
00:55:54.582 [JavaFX Application Thread] DEBUG PrimaryStageWindow   - FXGLMainMenuDummyScene -> FXGLLoadingScene
00:55:54.582 [JavaFX Application Thread] DEBUG GameApplicationServi - Clearing previous game
00:55:54.582 [JavaFX Application Thread] DEBUG GameScene            - Clearing game scene
00:55:54.582 [JavaFX Application Thread] DEBUG GameWorld            - Clearing game world
00:55:54.582 [JavaFX Application Thread] DEBUG PhysicsWorld         - Clearing physics world
00:55:54.584 [FXGL Background Thread 2 ] DEBUG FXGLApplication      - Initializing game
00:55:54.631 [FXGL Background Thread 2 ] WARN  TMXLevelLoader       - TiledMap generated from 1.7.2. Supported version: 1.2.3. Some features may not be parsed fully.
00:55:54.653 [FXGL Background Thread 2 ] DEBUG TMXLevelLoader       - Parsed TiledMap: file:/C:/Users/lethe/code%20java/Bomberman/target/classes/assets/levels/level1.tmx
00:55:54.655 [FXGL Background Thread 2 ] DEBUG TMXLevelLoader       - Creating tile layer entities
00:55:54.657 [FXGL Background Thread 2 ] DEBUG TilesetLoader        - Loading view for layer Tile Layer 1
00:55:54.663 [FXGL Background Thread 2 ] DEBUG TilesetLoader        - Created buffer with size 1488.0x720.0
00:55:54.734 [FXGL Background Thread 2 ] DEBUG TMXLevelLoader       - Creating object layer entities
00:55:54.782 [FXGL Background Thread 2 ] DEBUG FXGLAssetLoaderServi - Loading from file system: file:/C:/Users/lethe/code%20java/Bomberman/target/classes/assets/textures/player_die.png
00:55:54.787 [FXGL Background Thread 2 ] DEBUG FXGLAssetLoaderServi - Loading from file system: file:/C:/Users/lethe/code%20java/Bomberman/target/classes/assets/textures/player_down.png
00:55:54.790 [FXGL Background Thread 2 ] DEBUG FXGLAssetLoaderServi - Loading from file system: file:/C:/Users/lethe/code%20java/Bomberman/target/classes/assets/textures/player_right.png
00:55:54.794 [FXGL Background Thread 2 ] DEBUG FXGLAssetLoaderServi - Loading from file system: file:/C:/Users/lethe/code%20java/Bomberman/target/classes/assets/textures/player_up.png
00:55:54.796 [FXGL Background Thread 2 ] DEBUG FXGLAssetLoaderServi - Loading from file system: file:/C:/Users/lethe/code%20java/Bomberman/target/classes/assets/textures/player_left.png
00:55:54.803 [FXGL Background Thread 2 ] DEBUG FXGLAssetLoaderServi - Loading from file system: file:/C:/Users/lethe/code%20java/Bomberman/target/classes/assets/textures/enemy1.png
00:55:54.844 [FXGL Background Thread 2 ] DEBUG FXGLAssetLoaderServi - Loading from file system: file:/C:/Users/lethe/code%20java/Bomberman/target/classes/assets/textures/enemy2.png
00:55:54.852 [FXGL Background Thread 2 ] DEBUG FXGLAssetLoaderServi - Loading from file system: file:/C:/Users/lethe/code%20java/Bomberman/target/classes/assets/textures/brick.png
00:55:54.866 [FXGL Background Thread 2 ] DEBUG FXGLAssetLoaderServi - Loading from file system: file:/C:/Users/lethe/code%20java/Bomberman/target/classes/assets/textures/powerup_speed.png
00:55:54.867 [FXGL Background Thread 2 ] DEBUG FXGLAssetLoaderServi - Loading from file system: file:/C:/Users/lethe/code%20java/Bomberman/target/classes/assets/textures/powerup_bombs.png
00:55:54.904 [FXGL Background Thread 2 ] DEBUG GameWorld            - Clearing removable entities
00:55:54.905 [FXGL Background Thread 2 ] DEBUG GameWorld            - Setting level: com.almasb.fxgl.entity.level.Level@3ae5b0c2
00:55:54.983 [FXGL Background Thread 2 ] INFO  FXGLApplication      - Game initialization took: 0.399 sec
00:55:54.990 [JavaFX Application Thread] DEBUG Input                - Clearing active input actions
00:55:55.002 [JavaFX Application Thread] DEBUG GameApplicationServi - Removing overlay from FXGLLoadingScene and adding to GameScene
00:55:55.003 [JavaFX Application Thread] DEBUG PrimaryStageWindow   - FXGLLoadingScene -> GameScene
00:55:55.009 [JavaFX Application Thread] DEBUG FXGLAssetLoaderServi - Loading from file system: file:/C:/Users/lethe/code%20java/Bomberman/target/classes/assets/sounds/stage_start.wav
00:55:55.032 [JavaFX Application Thread] DEBUG LoopRunner           - Stopping loop
00:55:55.035 [JavaFX Application Thread] FATAL FXGLApplication      - Uncaught Exception:
java.lang.IllegalAccessError: class com.sun.media.jfxmediaimpl.NativeMediaManager (in unnamed module @0x6d915746) cannot access class com.sun.glass.utils.NativeLibLoader (in module javafx.graphics) because module javafx.graphics does not export com.sun.glass.utils to unnamed module @0x6d915746
	at com.sun.media.jfxmediaimpl.NativeMediaManager.lambda$new$0(NativeMediaManager.java:110)
	at java.base/java.security.AccessController.doPrivileged(AccessController.java:571)
	at com.sun.media.jfxmediaimpl.NativeMediaManager.<init>(NativeMediaManager.java:107)
	at com.sun.media.jfxmediaimpl.NativeMediaManager$NativeMediaManagerInitializer.<clinit>(NativeMediaManager.java:78)
	at com.sun.media.jfxmediaimpl.NativeMediaManager.getDefaultInstance(NativeMediaManager.java:90)
	at com.sun.media.jfxmedia.MediaManager.canPlayProtocol(MediaManager.java:78)
	at com.sun.media.jfxmedia.locator.Locator.<init>(Locator.java:239)
	at com.sun.media.jfxmediaimpl.NativeMediaAudioClip.<init>(NativeMediaAudioClip.java:53)
	at com.sun.media.jfxmediaimpl.NativeMediaAudioClip.load(NativeMediaAudioClip.java:63)
	at com.sun.media.jfxmediaimpl.AudioClipProvider.load(AudioClipProvider.java:66)
	at com.sun.media.jfxmedia.AudioClip.load(AudioClip.java:135)
	at javafx.scene.media.AudioClip.<init>(AudioClip.java:83)
	at com.almasb.fxgl.audio.impl.DesktopAndMobileAudioLoader.loadAudio(DesktopAndMobileAudioLoader.kt:37)
	at com.almasb.fxgl.audio.AudioPlayer.loadAudio(AudioPlayer.kt:193)
	at com.almasb.fxgl.app.services.SoundAssetLoader.load(FXGLAssetLoaderService.kt:681)
	at com.almasb.fxgl.app.services.SoundAssetLoader.load(FXGLAssetLoaderService.kt:677)
	at com.almasb.fxgl.app.services.AssetLoader.load(FXGLAssetLoaderService.kt:625)
	at com.almasb.fxgl.app.services.FXGLAssetLoaderService.load(FXGLAssetLoaderService.kt:530)
	at com.almasb.fxgl.app.services.FXGLAssetLoaderService.load(FXGLAssetLoaderService.kt:507)
	at com.almasb.fxgl.app.services.FXGLAssetLoaderService.load(FXGLAssetLoaderService.kt:496)
	at com.almasb.fxgl.app.services.FXGLAssetLoaderService.loadSound(FXGLAssetLoaderService.kt:196)
	at com.almasb.fxgl.dsl.FXGL$Companion.play(FXGL.kt:351)
	at com.almasb.fxgl.dsl.FXGL.play(FXGL.kt)
	at Bomberman.UI.StageStartScene.<init>(StageStartScene.java:15)
	at Bomberman.Menu.MainMenu.lambda$newGame$4(MainMenu.java:76)
	at com.almasb.fxgl.time.TimerAction.update(TimerAction.kt:69)
	at com.almasb.fxgl.time.Timer.update(Timer.kt:38)
	at com.almasb.fxgl.scene.Scene.update(Scene.kt:104)
	at com.almasb.fxgl.app.MainWindow$update$1.invoke(MainWindow.kt:110)
	at com.almasb.fxgl.app.MainWindow$update$1.invoke(MainWindow.kt:110)
	at com.almasb.fxgl.core.fsm.StateMachine.runOnActiveStates(StateMachine.kt:69)
	at com.almasb.fxgl.app.MainWindow.update(MainWindow.kt:110)
	at com.almasb.fxgl.app.FXGLApplication$GameApplicationService.onUpdate(FXGLApplication.kt:426)
	at com.almasb.fxgl.app.Engine.loop(Engine.kt:133)
	at com.almasb.fxgl.app.Engine.access$loop(Engine.kt:24)
	at com.almasb.fxgl.app.Engine$loop$1.invoke(Engine.kt:28)
	at com.almasb.fxgl.app.Engine$loop$1.invoke(Engine.kt:28)
	at com.almasb.fxgl.app.LoopRunner.frame(LoopRunner.kt:103)
	at com.almasb.fxgl.app.LoopRunner.access$frame(LoopRunner.kt:23)
	at com.almasb.fxgl.app.LoopRunner$impl$2$1.onTick(LoopRunner.kt:57)
	at com.almasb.fxgl.app.AnimationTimerLoop$timer$1.handle(LoopRunner.kt:137)
	at javafx.graphics@20.0.2/javafx.animation.AnimationTimer$AnimationTimerReceiver.lambda$handle$0(AnimationTimer.java:58)
	at java.base/java.security.AccessController.doPrivileged(AccessController.java:400)
	at javafx.graphics@20.0.2/javafx.animation.AnimationTimer$AnimationTimerReceiver.handle(AnimationTimer.java:57)
	at javafx.graphics@20.0.2/com.sun.scenario.animation.AbstractPrimaryTimer.timePulseImpl(AbstractPrimaryTimer.java:356)
	at javafx.graphics@20.0.2/com.sun.scenario.animation.AbstractPrimaryTimer$MainLoop.run(AbstractPrimaryTimer.java:266)
	at javafx.graphics@20.0.2/com.sun.javafx.tk.quantum.QuantumToolkit.pulse(QuantumToolkit.java:588)
	at javafx.graphics@20.0.2/com.sun.javafx.tk.quantum.QuantumToolkit.pulse(QuantumToolkit.java:572)
	at javafx.graphics@20.0.2/com.sun.javafx.tk.quantum.QuantumToolkit.pulseFromQueue(QuantumToolkit.java:565)
	at javafx.graphics@20.0.2/com.sun.javafx.tk.quantum.QuantumToolkit.lambda$runToolkit$11(QuantumToolkit.java:352)
	at javafx.graphics@20.0.2/com.sun.glass.ui.InvokeLaterDispatcher$Future.run(InvokeLaterDispatcher.java:95)
	at javafx.graphics@20.0.2/com.sun.glass.ui.win.WinApplication._runLoop(Native Method)
	at javafx.graphics@20.0.2/com.sun.glass.ui.win.WinApplication.lambda$runLoop$3(WinApplication.java:185)
	at java.base/java.lang.Thread.run(Thread.java:1583)

00:55:55.035 [JavaFX Application Thread] FATAL FXGLApplication      - Application will now exit
00:55:55.062 [JavaFX Application Thread] DEBUG PrimaryStageWindow   - Push state: ErrorSubScene
00:55:55.062 [JavaFX Application Thread] DEBUG Input                - Clearing active input actions
00:55:55.064 [JavaFX Application Thread] DEBUG GameApplicationServi - Removing overlay from GameScene and adding to ErrorSubScene
00:55:55.064 [JavaFX Application Thread] DEBUG PrimaryStageWindow   - GameScene -> ErrorSubScene
00:55:55.856 [FXGL Background Thread 3 ] DEBUG Engine               - Logging environment variables
00:55:55.857 [FXGL Background Thread 3 ] DEBUG Engine               - achievements: []
00:55:55.857 [FXGL Background Thread 3 ] DEBUG Engine               - actualHeight: 864.0
00:55:55.857 [FXGL Background Thread 3 ] DEBUG Engine               - actualHeightProperty: ReadOnlyDoubleProperty [value: 864.0]
00:55:55.858 [FXGL Background Thread 3 ] DEBUG Engine               - actualWidth: 1536.0
00:55:55.858 [FXGL Background Thread 3 ] DEBUG Engine               - actualWidthProperty: ReadOnlyDoubleProperty [value: 1536.0]
00:55:55.858 [FXGL Background Thread 3 ] DEBUG Engine               - appIcon: fxgl_icon.png
00:55:55.858 [FXGL Background Thread 3 ] DEBUG Engine               - applicationMode: DEVELOPER
00:55:55.858 [FXGL Background Thread 3 ] DEBUG Engine               - cSSList: [fxgl_dark.css]
00:55:55.858 [FXGL Background Thread 3 ] DEBUG Engine               - collisionDetectionStrategy: BRUTE_FORCE
00:55:55.858 [FXGL Background Thread 3 ] DEBUG Engine               - configClass: Optional.empty
00:55:55.859 [FXGL Background Thread 3 ] DEBUG Engine               - credits: []
00:55:55.859 [FXGL Background Thread 3 ] DEBUG Engine               - defaultCursor: CursorInfo(imageName=fxgl_default_cursor.png, hotspotX=7.0, hotspotY=6.0)
00:55:55.859 [FXGL Background Thread 3 ] DEBUG Engine               - devBBoxColorProperty: ObjectProperty [value: 0xff0000ff]
00:55:55.859 [FXGL Background Thread 3 ] DEBUG Engine               - devEnableDebugCameraProperty: BooleanProperty [value: false]
00:55:55.860 [FXGL Background Thread 3 ] DEBUG Engine               - devSensorColorProperty: ObjectProperty [value: 0xffff00ff]
00:55:55.860 [FXGL Background Thread 3 ] DEBUG Engine               - devShowBBoxProperty: BooleanProperty [value: false]
00:55:55.860 [FXGL Background Thread 3 ] DEBUG Engine               - devShowPositionProperty: BooleanProperty [value: false]
00:55:55.860 [FXGL Background Thread 3 ] DEBUG Engine               - enabledMenuItems: []
00:55:55.860 [FXGL Background Thread 3 ] DEBUG Engine               - engineServices: [class com.almasb.fxgl.app.services.FXGLAssetLoaderService, class com.almasb.fxgl.app.FXGLApplication$GameApplicationService, class com.almasb.fxgl.app.services.FXGLDialogService, class com.almasb.fxgl.app.services.IOTaskExecutorService, class com.almasb.fxgl.io.FileSystemService, class com.almasb.fxgl.localization.LocalizationService, class com.almasb.fxgl.app.services.SystemBundleService, class com.almasb.fxgl.profile.SaveLoadService, class com.almasb.fxgl.ui.FXGLUIFactoryServiceProvider, class com.almasb.fxgl.ui.FXGLDialogFactoryServiceProvider, class com.almasb.fxgl.audio.AudioPlayer, class com.almasb.fxgl.notification.impl.NotificationServiceProvider, class com.almasb.fxgl.achievement.AchievementService, class com.almasb.fxgl.cutscene.CutsceneService, class com.almasb.fxgl.minigames.MiniGameService, class com.almasb.fxgl.net.NetService, class com.almasb.fxgl.app.services.UpdaterService, class com.almasb.fxgl.dev.DevService]
00:55:55.861 [FXGL Background Thread 3 ] DEBUG Engine               - fontGame: Abel-Regular.ttf
00:55:55.861 [FXGL Background Thread 3 ] DEBUG Engine               - fontMono: lucida_console.ttf
00:55:55.861 [FXGL Background Thread 3 ] DEBUG Engine               - fontText: Courier-Prime.ttf
00:55:55.861 [FXGL Background Thread 3 ] DEBUG Engine               - fontUI: game_font.ttf
00:55:55.861 [FXGL Background Thread 3 ] DEBUG Engine               - fullScreen: BooleanProperty [value: true]
00:55:55.861 [FXGL Background Thread 3 ] DEBUG Engine               - gameDifficulty: MEDIUM
00:55:55.861 [FXGL Background Thread 3 ] DEBUG Engine               - gameDifficultyProperty: ObjectProperty [value: MEDIUM]
00:55:55.861 [FXGL Background Thread 3 ] DEBUG Engine               - globalMusicVolume: 0.5
00:55:55.861 [FXGL Background Thread 3 ] DEBUG Engine               - globalMusicVolumeProperty: DoubleProperty [value: 0.0]
00:55:55.861 [FXGL Background Thread 3 ] DEBUG Engine               - globalSoundVolume: 0.5
00:55:55.862 [FXGL Background Thread 3 ] DEBUG Engine               - globalSoundVolumeProperty: DoubleProperty [value: 0.5]
00:55:55.862 [FXGL Background Thread 3 ] DEBUG Engine               - height: 720
00:55:55.862 [FXGL Background Thread 3 ] DEBUG Engine               - is3D: false
00:55:55.862 [FXGL Background Thread 3 ] DEBUG Engine               - isAndroid: false
00:55:55.862 [FXGL Background Thread 3 ] DEBUG Engine               - isBrowser: false
00:55:55.862 [FXGL Background Thread 3 ] DEBUG Engine               - isClickFeedbackEnabled: false
00:55:55.862 [FXGL Background Thread 3 ] DEBUG Engine               - isCloseConfirmation: false
00:55:55.862 [FXGL Background Thread 3 ] DEBUG Engine               - isDesktop: true
00:55:55.862 [FXGL Background Thread 3 ] DEBUG Engine               - isDeveloperMenuEnabled: false
00:55:55.863 [FXGL Background Thread 3 ] DEBUG Engine               - isEntityPreloadEnabled: true
00:55:55.863 [FXGL Background Thread 3 ] DEBUG Engine               - isExperimentalTiledLargeMap: false
00:55:55.863 [FXGL Background Thread 3 ] DEBUG Engine               - isFileSystemWriteAllowed: true
00:55:55.863 [FXGL Background Thread 3 ] DEBUG Engine               - isFullScreenAllowed: true
00:55:55.863 [FXGL Background Thread 3 ] DEBUG Engine               - isFullScreenFromStart: true
00:55:55.863 [FXGL Background Thread 3 ] DEBUG Engine               - isGameMenuEnabled: true
00:55:55.863 [FXGL Background Thread 3 ] DEBUG Engine               - isIOS: false
00:55:55.863 [FXGL Background Thread 3 ] DEBUG Engine               - isIntroEnabled: false
00:55:55.863 [FXGL Background Thread 3 ] DEBUG Engine               - isLinux: false
00:55:55.863 [FXGL Background Thread 3 ] DEBUG Engine               - isMac: false
00:55:55.864 [FXGL Background Thread 3 ] DEBUG Engine               - isMainMenuEnabled: true
00:55:55.864 [FXGL Background Thread 3 ] DEBUG Engine               - isManualResizeEnabled: false
00:55:55.864 [FXGL Background Thread 3 ] DEBUG Engine               - isMobile: false
00:55:55.864 [FXGL Background Thread 3 ] DEBUG Engine               - isNative: false
00:55:55.864 [FXGL Background Thread 3 ] DEBUG Engine               - isPauseMusicWhenMinimized: true
00:55:55.864 [FXGL Background Thread 3 ] DEBUG Engine               - isPreserveResizeRatio: false
00:55:55.864 [FXGL Background Thread 3 ] DEBUG Engine               - isProfilingEnabled: false
00:55:55.864 [FXGL Background Thread 3 ] DEBUG Engine               - isScaleAffectedOnResize: true
00:55:55.864 [FXGL Background Thread 3 ] DEBUG Engine               - isSingleStep: false
00:55:55.865 [FXGL Background Thread 3 ] DEBUG Engine               - isUserProfileEnabled: false
00:55:55.865 [FXGL Background Thread 3 ] DEBUG Engine               - isWindows: true
00:55:55.865 [FXGL Background Thread 3 ] DEBUG Engine               - language: ObjectProperty [value: ENGLISH]
00:55:55.865 [FXGL Background Thread 3 ] DEBUG Engine               - menuKey: ESCAPE
00:55:55.865 [FXGL Background Thread 3 ] DEBUG Engine               - mouseSensitivity: 0.2
00:55:55.865 [FXGL Background Thread 3 ] DEBUG Engine               - notificationViewClass: class com.almasb.fxgl.notification.view.XboxNotificationView
00:55:55.865 [FXGL Background Thread 3 ] DEBUG Engine               - pixelsPerMeter: 50.0
00:55:55.865 [FXGL Background Thread 3 ] DEBUG Engine               - platform: WINDOWS
00:55:55.865 [FXGL Background Thread 3 ] DEBUG Engine               - prefHeightProperty: ReadOnlyDoubleProperty [value: 720.0]
00:55:55.866 [FXGL Background Thread 3 ] DEBUG Engine               - prefWidthProperty: ReadOnlyDoubleProperty [value: 1280.0]
00:55:55.866 [FXGL Background Thread 3 ] DEBUG Engine               - profileDir: profiles/
00:55:55.866 [FXGL Background Thread 3 ] DEBUG Engine               - profileName: StringProperty [value: DEFAULT]
00:55:55.866 [FXGL Background Thread 3 ] DEBUG Engine               - randomSeed: -1
00:55:55.866 [FXGL Background Thread 3 ] DEBUG Engine               - runtimeInfo: RuntimeInfo(platform=WINDOWS, version=11.17, build=16.07.2021 15.46)
00:55:55.866 [FXGL Background Thread 3 ] DEBUG Engine               - saveFileExt: sav
00:55:55.866 [FXGL Background Thread 3 ] DEBUG Engine               - scaledHeightProp$fxgl: DoubleProperty [bound, value: 864.0]
00:55:55.866 [FXGL Background Thread 3 ] DEBUG Engine               - scaledWidthProp$fxgl: DoubleProperty [bound, value: 1536.0]
00:55:55.866 [FXGL Background Thread 3 ] DEBUG Engine               - sceneFactory: Bomberman.GameApp$1@4f118e02
00:55:55.866 [FXGL Background Thread 3 ] DEBUG Engine               - secondsIn24h: 60
00:55:55.867 [FXGL Background Thread 3 ] DEBUG Engine               - soundMenuBack: menu/back.wav
00:55:55.867 [FXGL Background Thread 3 ] DEBUG Engine               - soundMenuPress: menu/press.wav
00:55:55.867 [FXGL Background Thread 3 ] DEBUG Engine               - soundMenuSelect: menu/select.wav
00:55:55.867 [FXGL Background Thread 3 ] DEBUG Engine               - soundNotification: core/notification.wav
00:55:55.867 [FXGL Background Thread 3 ] DEBUG Engine               - stageStyle: DECORATED
00:55:55.867 [FXGL Background Thread 3 ] DEBUG Engine               - supportedLanguages: [ENGLISH, FRENCH, GERMAN, HUNGARIAN, RUSSIAN]
00:55:55.867 [FXGL Background Thread 3 ] DEBUG Engine               - ticksPerSecond: -1
00:55:55.867 [FXGL Background Thread 3 ] DEBUG Engine               - title: BOMBER
 MAN
00:55:55.867 [FXGL Background Thread 3 ] DEBUG Engine               - urlGithub: https://github.com/AlmasB/FXGL
00:55:55.867 [FXGL Background Thread 3 ] DEBUG Engine               - urlLeaderboard: http://fxgl-top.herokuapp.com/
00:55:55.867 [FXGL Background Thread 3 ] DEBUG Engine               - urlPOM: https://raw.githubusercontent.com/AlmasB/FXGL/release/README.md
00:55:55.868 [FXGL Background Thread 3 ] DEBUG Engine               - userAppClass: class Bomberman.GameApp
00:55:55.868 [FXGL Background Thread 3 ] DEBUG Engine               - version: 1.0
00:55:55.868 [FXGL Background Thread 3 ] DEBUG Engine               - versionCheckDays: 7
00:55:55.868 [FXGL Background Thread 3 ] DEBUG Engine               - width: 1280
00:55:55.868 [FXGL Background Thread 3 ] DEBUG Engine               - Logging services
00:55:55.868 [FXGL Background Thread 3 ] DEBUG Engine               - class com.almasb.fxgl.app.services.FXGLAssetLoaderService
00:55:55.868 [FXGL Background Thread 3 ] DEBUG Engine               - class com.almasb.fxgl.app.FXGLApplication$GameApplicationService
00:55:55.868 [FXGL Background Thread 3 ] DEBUG Engine               - class com.almasb.fxgl.app.services.FXGLDialogService
00:55:55.868 [FXGL Background Thread 3 ] DEBUG Engine               - class com.almasb.fxgl.app.services.IOTaskExecutorService
00:55:55.868 [FXGL Background Thread 3 ] DEBUG Engine               - class com.almasb.fxgl.io.FileSystemService
00:55:55.868 [FXGL Background Thread 3 ] DEBUG Engine               - class com.almasb.fxgl.localization.LocalizationService
00:55:55.868 [FXGL Background Thread 3 ] DEBUG Engine               - class com.almasb.fxgl.app.services.SystemBundleService
00:55:55.869 [FXGL Background Thread 3 ] DEBUG Engine               - class com.almasb.fxgl.profile.SaveLoadService
00:55:55.869 [FXGL Background Thread 3 ] DEBUG Engine               - class com.almasb.fxgl.ui.FXGLUIFactoryServiceProvider
00:55:55.869 [FXGL Background Thread 3 ] DEBUG Engine               - class com.almasb.fxgl.ui.FXGLDialogFactoryServiceProvider
00:55:55.869 [FXGL Background Thread 3 ] DEBUG Engine               - class com.almasb.fxgl.audio.AudioPlayer
00:55:55.869 [FXGL Background Thread 3 ] DEBUG Engine               - class com.almasb.fxgl.notification.impl.NotificationServiceProvider
00:55:55.869 [FXGL Background Thread 3 ] DEBUG Engine               - class com.almasb.fxgl.achievement.AchievementService
00:55:55.869 [FXGL Background Thread 3 ] DEBUG Engine               - class com.almasb.fxgl.cutscene.CutsceneService
00:55:55.869 [FXGL Background Thread 3 ] DEBUG Engine               - class com.almasb.fxgl.minigames.MiniGameService
00:55:55.870 [FXGL Background Thread 3 ] DEBUG Engine               - class com.almasb.fxgl.net.NetService
00:55:55.870 [FXGL Background Thread 3 ] DEBUG Engine               - class com.almasb.fxgl.app.services.UpdaterService
00:55:55.870 [FXGL Background Thread 3 ] DEBUG Engine               - class com.almasb.fxgl.dev.DevService
00:56:17.480 [JavaFX Application Thread] DEBUG FXGLApplication      - Exiting FXGL
00:56:17.481 [JavaFX Application Thread] DEBUG Async                - Shutting down background threads
00:56:17.481 [JavaFX Application Thread] DEBUG PrimaryStageWindow   - Closing main window
00:56:17.513 [JavaFX Application Thread] DEBUG Logger               - Closing Logger
