03:12:59.551 [main                     ] DEBUG Logger               - Configured Logger
03:12:59.554 [main                     ] DEBUG GameApplication      - Logging settings
Title: BOMBER
 MAN
Version: 1.0
Width: 1280
Height: 720
Fullscreen: true
Intro: false
Profiling: false
Single step:false
App Mode: DEVELOPER
Menu Key: ESCAPE
Stage Style: DECORATED
Scene Factory: class org.example.oop_game_project.GameApp$1

03:13:00.354 [JavaFX Application Thread] DEBUG FXGLApplication      - Initializing FXGL
03:13:00.358 [JavaFX Application Thread] INFO  Engine               - FXGL-11.17 (16.07.2021 15.46) on WINDOWS (J:21.0.4 FX:20)
03:13:00.359 [JavaFX Application Thread] DEBUG Engine               - JRE Vendor Name: Oracle Corporation
03:13:00.359 [JavaFX Application Thread] DEBUG Engine               - Running on OS: Windows 11 version 10.0
03:13:00.359 [JavaFX Application Thread] DEBUG Engine               - Architecture: amd64
03:13:00.359 [JavaFX Application Thread] INFO  Engine               - Source code and latest versions at: https://github.com/AlmasB/FXGL
03:13:00.359 [JavaFX Application Thread] INFO  Engine               -              Join the FXGL chat at: https://gitter.im/AlmasB/FXGL
03:13:00.546 [JavaFX Application Thread] DEBUG PrimaryStageWindow   - Creating a JavaFX scene
03:13:00.628 [JavaFX Application Thread] DEBUG PrimaryStageWindow   - Target settings size: 1280.0 x 720.0
03:13:00.629 [JavaFX Application Thread] DEBUG PrimaryStageWindow   - Scaled scene size:    1280.0 x 720.0
03:13:00.629 [JavaFX Application Thread] DEBUG PrimaryStageWindow   - Scaled ratio: (1.0, 1.0)
03:13:00.630 [JavaFX Application Thread] DEBUG PrimaryStageWindow   - Set initial scene to FXGLStartupScene
03:13:00.636 [JavaFX Application Thread] DEBUG PrimaryStageWindow   - Opening main window
03:13:00.789 [JavaFX Application Thread] DEBUG PrimaryStageWindow   - Window border size: (14.4000244140625, 37.5999755859375)
03:13:00.791 [JavaFX Application Thread] DEBUG PrimaryStageWindow   - Scaled size: 1280.0 x 720.0
03:13:00.791 [JavaFX Application Thread] DEBUG PrimaryStageWindow   - Scaled ratio: (1.0, 1.0)
03:13:00.791 [JavaFX Application Thread] DEBUG PrimaryStageWindow   - Scene size: 1280.0 x 720.0
03:13:00.791 [JavaFX Application Thread] DEBUG PrimaryStageWindow   - Stage size: 1294.4000244140625 x 757.5999755859375
03:13:00.908 [JavaFX Application Thread] DEBUG PrimaryStageWindow   - Going fullscreen
03:13:00.920 [FXGL Background Thread 1 ] DEBUG Engine               - Initializing environment variables
03:13:01.015 [FXGL Background Thread 1 ] DEBUG FXGLAssetLoaderServi - User app class for loading assets: class org.example.oop_game_project.GameApp
03:13:01.015 [FXGL Background Thread 1 ] DEBUG GameApplicationServi - Applying CSS: fxgl_dark.css
03:13:01.016 [FXGL Background Thread 1 ] DEBUG FXGLAssetLoaderServi - Loading from file system: jar:file:/C:/Users/lethe/.m2/repository/com/github/almasb/fxgl/11.17/fxgl-11.17.jar!/fxglassets/ui/css/fxgl_dark.css
03:13:01.060 [FXGL Background Thread 1 ] DEBUG GameApplicationServi - Initializing application scenes
03:13:01.141 [FXGL Background Thread 1 ] DEBUG GameWorld            - Game world initialized
03:13:01.219 [FXGL Background Thread 1 ] DEBUG PhysicsWorld         - Physics world initialized: appHeight=720, physics.ppm=50.0
03:13:01.219 [FXGL Background Thread 1 ] DEBUG PhysicsWorld         - Using strategy: BRUTE_FORCE
03:13:01.222 [FXGL Background Thread 1 ] DEBUG GameScene            - Game scene initialized: 1280x720
03:13:01.228 [JavaFX Application Thread] DEBUG LoopRunner           - Stopping loop
03:13:01.229 [JavaFX Application Thread] DEBUG LoopRunner           - Initializing JavaFX AnimationTimerLoop
03:13:01.232 [JavaFX Application Thread] FATAL FXGLApplication      - Uncaught Exception:
java.lang.IllegalArgumentException: Invalid URL: Invalid URL or resource not found
	at javafx.scene.image.Image.validateUrl(Image.java:1138)
	at javafx.scene.image.Image.<init>(Image.java:628)
	at org.example.oop_game_project.Menu.MainMenu.<init>(MainMenu.java:24)
	at org.example.oop_game_project.GameApp$1.newMainMenu(GameApp.java:55)
	at com.almasb.fxgl.app.FXGLApplication$GameApplicationService.initAppScenes(FXGLApplication.kt:457)
	at com.almasb.fxgl.app.FXGLApplication$GameApplicationService.onInit(FXGLApplication.kt:417)
	at com.almasb.fxgl.app.Engine.initServices(Engine.kt:84)
	at com.almasb.fxgl.app.FXGLApplication.startImpl$lambda-2(FXGLApplication.kt:138)
	at com.almasb.fxgl.core.concurrent.IOTask.lambda$ofVoid$5(IOTask.java:184)
	at com.almasb.fxgl.core.concurrent.IOTask$2.onExecute(IOTask.java:197)
	at com.almasb.fxgl.core.concurrent.IOTask$1.call(IOTask.java:148)
	at javafx.concurrent.Task$TaskCallable.call(Task.java:1426)
	at java.base/java.util.concurrent.FutureTask.run(FutureTask.java:317)
	at java.base/java.util.concurrent.Executors$RunnableAdapter.call(Executors.java:572)
	at java.base/java.util.concurrent.FutureTask.run(FutureTask.java:317)
	at java.base/java.util.concurrent.ThreadPoolExecutor.runWorker(ThreadPoolExecutor.java:1144)
	at java.base/java.util.concurrent.ThreadPoolExecutor$Worker.run(ThreadPoolExecutor.java:642)
	at java.base/java.lang.Thread.run(Thread.java:1583)
Caused by: java.lang.IllegalArgumentException: Invalid URL or resource not found
	at javafx.scene.image.Image.validateUrl(Image.java:1123)
	... 17 more

03:13:01.233 [JavaFX Application Thread] FATAL FXGLApplication      - Application will now exit
03:13:01.267 [JavaFX Application Thread] DEBUG PrimaryStageWindow   - Push state: ErrorSubScene
03:13:01.267 [JavaFX Application Thread] DEBUG Input                - Clearing active input actions
03:13:01.275 [JavaFX Application Thread] DEBUG GameApplicationServi - Removing overlay from FXGLStartupScene and adding to ErrorSubScene
03:13:01.275 [JavaFX Application Thread] DEBUG PrimaryStageWindow   - FXGLStartupScene -> ErrorSubScene
03:13:12.025 [JavaFX Application Thread] DEBUG FXGLApplication      - Exiting FXGL
03:13:12.026 [JavaFX Application Thread] DEBUG Async                - Shutting down background threads
03:13:12.026 [JavaFX Application Thread] DEBUG PrimaryStageWindow   - Closing main window
03:13:12.064 [JavaFX Application Thread] DEBUG Logger               - Closing Logger
