03:47:36.975 [main                     ] DEBUG Logger               - Configured Logger
03:47:36.977 [main                     ] DEBUG GameApplication      - Logging settings
Title: BOMBER
 MAN
Version: 1.0
Width: 1280
Height: 720
Fullscreen: true
Intro: false
Profiling: false
Single step:false
App Mode: DEVELOPER
Menu Key: ESCAPE
Stage Style: DECORATED
Scene Factory: class org.example.oop_game_project.GameApp$1

03:47:37.234 [JavaFX Application Thread] DEBUG FXGLApplication      - Initializing FXGL
03:47:37.237 [JavaFX Application Thread] INFO  Engine               - FXGL-11.17 (16.07.2021 15.46) on WINDOWS (J:21.0.4 FX:20.0.2)
03:47:37.237 [JavaFX Application Thread] DEBUG Engine               - JRE Vendor Name: Oracle Corporation
03:47:37.237 [JavaFX Application Thread] DEBUG Engine               - Running on OS: Windows 11 version 10.0
03:47:37.237 [JavaFX Application Thread] DEBUG Engine               - Architecture: amd64
03:47:37.237 [JavaFX Application Thread] INFO  Engine               - Source code and latest versions at: https://github.com/AlmasB/FXGL
03:47:37.238 [JavaFX Application Thread] INFO  Engine               -              Join the FXGL chat at: https://gitter.im/AlmasB/FXGL
03:47:37.338 [JavaFX Application Thread] DEBUG PrimaryStageWindow   - Creating a JavaFX scene
03:47:37.388 [JavaFX Application Thread] DEBUG PrimaryStageWindow   - Target settings size: 1280.0 x 720.0
03:47:37.388 [JavaFX Application Thread] DEBUG PrimaryStageWindow   - Scaled scene size:    1280.0 x 720.0
03:47:37.389 [JavaFX Application Thread] DEBUG PrimaryStageWindow   - Scaled ratio: (1.0, 1.0)
03:47:37.389 [JavaFX Application Thread] DEBUG PrimaryStageWindow   - Set initial scene to FXGLStartupScene
03:47:37.393 [JavaFX Application Thread] DEBUG PrimaryStageWindow   - Opening main window
03:47:37.495 [JavaFX Application Thread] DEBUG PrimaryStageWindow   - Window border size: (14.4000244140625, 37.5999755859375)
03:47:37.495 [JavaFX Application Thread] DEBUG PrimaryStageWindow   - Scaled size: 1280.0 x 720.0
03:47:37.495 [JavaFX Application Thread] DEBUG PrimaryStageWindow   - Scaled ratio: (1.0, 1.0)
03:47:37.495 [JavaFX Application Thread] DEBUG PrimaryStageWindow   - Scene size: 1280.0 x 720.0
03:47:37.495 [JavaFX Application Thread] DEBUG PrimaryStageWindow   - Stage size: 1294.4000244140625 x 757.5999755859375
03:47:37.608 [JavaFX Application Thread] DEBUG PrimaryStageWindow   - Going fullscreen
03:47:37.626 [FXGL Background Thread 1 ] DEBUG Engine               - Initializing environment variables
03:47:37.746 [FXGL Background Thread 1 ] DEBUG FXGLAssetLoaderServi - User app class for loading assets: class org.example.oop_game_project.GameApp
03:47:37.746 [FXGL Background Thread 1 ] DEBUG GameApplicationServi - Applying CSS: fxgl_dark.css
03:47:37.748 [FXGL Background Thread 1 ] DEBUG FXGLAssetLoaderServi - Loading from file system: jar:file:/C:/Users/lethe/.m2/repository/com/github/almasb/fxgl/11.17/fxgl-11.17.jar!/fxglassets/ui/css/fxgl_dark.css
03:47:37.797 [FXGL Background Thread 1 ] DEBUG GameApplicationServi - Initializing application scenes
03:47:37.844 [FXGL Background Thread 1 ] DEBUG GameWorld            - Game world initialized
03:47:37.933 [FXGL Background Thread 1 ] DEBUG PhysicsWorld         - Physics world initialized: appHeight=720, physics.ppm=50.0
03:47:37.933 [FXGL Background Thread 1 ] DEBUG PhysicsWorld         - Using strategy: BRUTE_FORCE
03:47:37.936 [FXGL Background Thread 1 ] DEBUG GameScene            - Game scene initialized: 1280x720
03:47:38.055 [FXGL Background Thread 1 ] DEBUG GameApplicationServi - Application scenes initialized
03:47:38.064 [FXGL Background Thread 1 ] DEBUG SystemBundleService  - Loading FXGL system data
03:47:38.073 [FXGL Background Thread 1 ] DEBUG FileSystemAccess     - Reading from: C:\Users\lethe\code java\phuong907\system\fxgl.bundle
03:47:38.091 [FXGL Background Thread 1 ] DEBUG SystemBundleService  - Bundle FXGL: {}
03:47:38.091 [FXGL Background Thread 1 ] DEBUG UpdaterService       - Checking for updates
03:47:38.097 [FXGL Background Thread 4 ] DEBUG FXGLApplication      - Loading fonts
03:47:38.098 [FXGL Background Thread 1 ] DEBUG FXGLApplication      - Loading default localization
03:47:38.099 [FXGL Background Thread 4 ] DEBUG FXGLAssetLoaderServi - Loading from file system: file:/C:/Users/lethe/code%20java/phuong907/oop_game_project/target/classes/assets/ui/fonts/game_font.ttf
03:47:38.101 [FXGL Background Thread 1 ] DEBUG FXGLAssetLoaderServi - Loading from file system: jar:file:/C:/Users/lethe/.m2/repository/com/github/almasb/fxgl/11.17/fxgl-11.17.jar!/fxglassets/languages/english.lang
03:47:38.116 [FXGL Background Thread 1 ] INFO  FXGLApplication      - FXGL initialization took: 0.489 sec
03:47:38.128 [JavaFX Application Thread] DEBUG Input                - Registered new binding: Move Up - T
03:47:38.128 [JavaFX Application Thread] DEBUG Input                - Registered new binding: Move Down - G
03:47:38.128 [JavaFX Application Thread] DEBUG Input                - Registered new binding: Move Left - F
03:47:38.128 [JavaFX Application Thread] DEBUG Input                - Registered new binding: Move Right - H
03:47:38.129 [JavaFX Application Thread] DEBUG Input                - Registered new binding: Place Bomb - Enter
03:47:38.130 [JavaFX Application Thread] DEBUG FXGLAssetLoaderServi - Loading from file system: jar:file:/C:/Users/lethe/.m2/repository/com/github/almasb/fxgl/11.17/fxgl-11.17.jar!/fxglassets/textures/fxgl_icon.png
03:47:38.159 [JavaFX Application Thread] DEBUG FXGLAssetLoaderServi - Loading from file system: jar:file:/C:/Users/lethe/.m2/repository/com/github/almasb/fxgl/11.17/fxgl-11.17.jar!/fxglassets/textures/fxgl_default_cursor.png
03:47:38.163 [JavaFX Application Thread] DEBUG Input                - Registered new binding: Screenshot - CTRL+8
03:47:38.163 [JavaFX Application Thread] DEBUG Input                - Registered new binding: System info dump - CTRL+9
03:47:38.164 [JavaFX Application Thread] DEBUG Input                - Registered new binding: Restart - CTRL+R
03:47:38.164 [JavaFX Application Thread] DEBUG Input                - Registered new binding: Toggle Debug Camera - CTRL+C
03:47:38.169 [JavaFX Application Thread] DEBUG LoopRunner           - Starting loop
03:47:38.169 [JavaFX Application Thread] DEBUG LoopRunner           - Initializing JavaFX AnimationTimerLoop
03:47:38.175 [JavaFX Application Thread] DEBUG Input                - Clearing active input actions
03:47:38.184 [JavaFX Application Thread] DEBUG GameApplicationServi - Removing overlay from FXGLStartupScene and adding to FXGLMainMenuDummyScene
03:47:38.184 [JavaFX Application Thread] DEBUG PrimaryStageWindow   - FXGLStartupScene -> FXGLMainMenuDummyScene
03:47:38.184 [JavaFX Application Thread] DEBUG PrimaryStageWindow   - Push state: MainMenu
03:47:38.184 [JavaFX Application Thread] DEBUG Input                - Clearing active input actions
03:47:38.188 [JavaFX Application Thread] DEBUG GameApplicationServi - Removing overlay from FXGLMainMenuDummyScene and adding to MainMenu
03:47:38.189 [JavaFX Application Thread] DEBUG PrimaryStageWindow   - FXGLMainMenuDummyScene -> MainMenu
03:47:38.297 [FXGL Background Thread 4 ] DEBUG FXGLAssetLoaderServi - Loading from file system: jar:file:/C:/Users/lethe/.m2/repository/com/github/almasb/fxgl/11.17/fxgl-11.17.jar!/fxglassets/ui/fonts/Abel-Regular.ttf
03:47:38.303 [FXGL Background Thread 4 ] DEBUG FXGLAssetLoaderServi - Loading from file system: jar:file:/C:/Users/lethe/.m2/repository/com/github/almasb/fxgl/11.17/fxgl-11.17.jar!/fxglassets/ui/fonts/lucida_console.ttf
03:47:38.311 [FXGL Background Thread 4 ] DEBUG FXGLAssetLoaderServi - Loading from file system: jar:file:/C:/Users/lethe/.m2/repository/com/github/almasb/fxgl/11.17/fxgl-11.17.jar!/fxglassets/ui/fonts/Courier-Prime.ttf
03:47:38.319 [JavaFX Application Thread] DEBUG FXGLApplication      - Registering font factories with UI factory
03:47:39.875 [FXGL Background Thread 2 ] INFO  UpdaterService       - Your current version:  11.17
03:47:39.876 [FXGL Background Thread 2 ] INFO  UpdaterService       - Latest stable version: 21.1
03:47:40.766 [JavaFX Application Thread] DEBUG Menu                 - fireExit()
03:47:40.771 [JavaFX Application Thread] DEBUG PrimaryStageWindow   - Push state: DialogSubScene
03:47:40.772 [JavaFX Application Thread] DEBUG Input                - Clearing active input actions
03:47:40.775 [JavaFX Application Thread] DEBUG GameApplicationServi - Removing overlay from MainMenu and adding to DialogSubScene
03:47:40.775 [JavaFX Application Thread] DEBUG PrimaryStageWindow   - MainMenu -> DialogSubScene
03:47:41.096 [FXGL Background Thread 3 ] DEBUG Engine               - Logging environment variables
03:47:41.096 [FXGL Background Thread 3 ] DEBUG Engine               - achievements: []
03:47:41.096 [FXGL Background Thread 3 ] DEBUG Engine               - actualHeight: 864.0
03:47:41.096 [FXGL Background Thread 3 ] DEBUG Engine               - actualHeightProperty: ReadOnlyDoubleProperty [value: 864.0]
03:47:41.096 [FXGL Background Thread 3 ] DEBUG Engine               - actualWidth: 1536.0
03:47:41.097 [FXGL Background Thread 3 ] DEBUG Engine               - actualWidthProperty: ReadOnlyDoubleProperty [value: 1536.0]
03:47:41.097 [FXGL Background Thread 3 ] DEBUG Engine               - appIcon: fxgl_icon.png
03:47:41.097 [FXGL Background Thread 3 ] DEBUG Engine               - applicationMode: DEVELOPER
03:47:41.097 [FXGL Background Thread 3 ] DEBUG Engine               - cSSList: [fxgl_dark.css]
03:47:41.097 [FXGL Background Thread 3 ] DEBUG Engine               - collisionDetectionStrategy: BRUTE_FORCE
03:47:41.097 [FXGL Background Thread 3 ] DEBUG Engine               - configClass: Optional.empty
03:47:41.097 [FXGL Background Thread 3 ] DEBUG Engine               - credits: []
03:47:41.097 [FXGL Background Thread 3 ] DEBUG Engine               - defaultCursor: CursorInfo(imageName=fxgl_default_cursor.png, hotspotX=7.0, hotspotY=6.0)
03:47:41.097 [FXGL Background Thread 3 ] DEBUG Engine               - devBBoxColorProperty: ObjectProperty [value: 0xff0000ff]
03:47:41.097 [FXGL Background Thread 3 ] DEBUG Engine               - devEnableDebugCameraProperty: BooleanProperty [value: false]
03:47:41.097 [FXGL Background Thread 3 ] DEBUG Engine               - devSensorColorProperty: ObjectProperty [value: 0xffff00ff]
03:47:41.097 [FXGL Background Thread 3 ] DEBUG Engine               - devShowBBoxProperty: BooleanProperty [value: false]
03:47:41.097 [FXGL Background Thread 3 ] DEBUG Engine               - devShowPositionProperty: BooleanProperty [value: false]
03:47:41.097 [FXGL Background Thread 3 ] DEBUG Engine               - enabledMenuItems: []
03:47:41.097 [FXGL Background Thread 3 ] DEBUG Engine               - engineServices: [class com.almasb.fxgl.app.services.FXGLAssetLoaderService, class com.almasb.fxgl.app.FXGLApplication$GameApplicationService, class com.almasb.fxgl.app.services.FXGLDialogService, class com.almasb.fxgl.app.services.IOTaskExecutorService, class com.almasb.fxgl.io.FileSystemService, class com.almasb.fxgl.localization.LocalizationService, class com.almasb.fxgl.app.services.SystemBundleService, class com.almasb.fxgl.profile.SaveLoadService, class com.almasb.fxgl.ui.FXGLUIFactoryServiceProvider, class com.almasb.fxgl.ui.FXGLDialogFactoryServiceProvider, class com.almasb.fxgl.audio.AudioPlayer, class com.almasb.fxgl.notification.impl.NotificationServiceProvider, class com.almasb.fxgl.achievement.AchievementService, class com.almasb.fxgl.cutscene.CutsceneService, class com.almasb.fxgl.minigames.MiniGameService, class com.almasb.fxgl.net.NetService, class com.almasb.fxgl.app.services.UpdaterService, class com.almasb.fxgl.dev.DevService]
03:47:41.097 [FXGL Background Thread 3 ] DEBUG Engine               - fontGame: Abel-Regular.ttf
03:47:41.097 [FXGL Background Thread 3 ] DEBUG Engine               - fontMono: lucida_console.ttf
03:47:41.097 [FXGL Background Thread 3 ] DEBUG Engine               - fontText: Courier-Prime.ttf
03:47:41.097 [FXGL Background Thread 3 ] DEBUG Engine               - fontUI: game_font.ttf
03:47:41.097 [FXGL Background Thread 3 ] DEBUG Engine               - fullScreen: BooleanProperty [value: true]
03:47:41.097 [FXGL Background Thread 3 ] DEBUG Engine               - gameDifficulty: MEDIUM
03:47:41.097 [FXGL Background Thread 3 ] DEBUG Engine               - gameDifficultyProperty: ObjectProperty [value: MEDIUM]
03:47:41.097 [FXGL Background Thread 3 ] DEBUG Engine               - globalMusicVolume: 0.5
03:47:41.098 [FXGL Background Thread 3 ] DEBUG Engine               - globalMusicVolumeProperty: DoubleProperty [value: 0.5]
03:47:41.098 [FXGL Background Thread 3 ] DEBUG Engine               - globalSoundVolume: 0.5
03:47:41.098 [FXGL Background Thread 3 ] DEBUG Engine               - globalSoundVolumeProperty: DoubleProperty [value: 0.5]
03:47:41.098 [FXGL Background Thread 3 ] DEBUG Engine               - height: 720
03:47:41.098 [FXGL Background Thread 3 ] DEBUG Engine               - is3D: false
03:47:41.098 [FXGL Background Thread 3 ] DEBUG Engine               - isAndroid: false
03:47:41.098 [FXGL Background Thread 3 ] DEBUG Engine               - isBrowser: false
03:47:41.098 [FXGL Background Thread 3 ] DEBUG Engine               - isClickFeedbackEnabled: false
03:47:41.098 [FXGL Background Thread 3 ] DEBUG Engine               - isCloseConfirmation: false
03:47:41.098 [FXGL Background Thread 3 ] DEBUG Engine               - isDesktop: true
03:47:41.098 [FXGL Background Thread 3 ] DEBUG Engine               - isDeveloperMenuEnabled: false
03:47:41.098 [FXGL Background Thread 3 ] DEBUG Engine               - isEntityPreloadEnabled: true
03:47:41.098 [FXGL Background Thread 3 ] DEBUG Engine               - isExperimentalTiledLargeMap: false
03:47:41.098 [FXGL Background Thread 3 ] DEBUG Engine               - isFileSystemWriteAllowed: true
03:47:41.098 [FXGL Background Thread 3 ] DEBUG Engine               - isFullScreenAllowed: true
03:47:41.098 [FXGL Background Thread 3 ] DEBUG Engine               - isFullScreenFromStart: true
03:47:41.098 [FXGL Background Thread 3 ] DEBUG Engine               - isGameMenuEnabled: true
03:47:41.098 [FXGL Background Thread 3 ] DEBUG Engine               - isIOS: false
03:47:41.098 [FXGL Background Thread 3 ] DEBUG Engine               - isIntroEnabled: false
03:47:41.098 [FXGL Background Thread 3 ] DEBUG Engine               - isLinux: false
03:47:41.098 [FXGL Background Thread 3 ] DEBUG Engine               - isMac: false
03:47:41.098 [FXGL Background Thread 3 ] DEBUG Engine               - isMainMenuEnabled: true
03:47:41.098 [FXGL Background Thread 3 ] DEBUG Engine               - isManualResizeEnabled: false
03:47:41.098 [FXGL Background Thread 3 ] DEBUG Engine               - isMobile: false
03:47:41.099 [FXGL Background Thread 3 ] DEBUG Engine               - isNative: false
03:47:41.099 [FXGL Background Thread 3 ] DEBUG Engine               - isPauseMusicWhenMinimized: true
03:47:41.099 [FXGL Background Thread 3 ] DEBUG Engine               - isPreserveResizeRatio: false
03:47:41.099 [FXGL Background Thread 3 ] DEBUG Engine               - isProfilingEnabled: false
03:47:41.099 [FXGL Background Thread 3 ] DEBUG Engine               - isScaleAffectedOnResize: true
03:47:41.099 [FXGL Background Thread 3 ] DEBUG Engine               - isSingleStep: false
03:47:41.099 [FXGL Background Thread 3 ] DEBUG Engine               - isUserProfileEnabled: false
03:47:41.099 [FXGL Background Thread 3 ] DEBUG Engine               - isWindows: true
03:47:41.099 [FXGL Background Thread 3 ] DEBUG Engine               - language: ObjectProperty [value: ENGLISH]
03:47:41.099 [FXGL Background Thread 3 ] DEBUG Engine               - menuKey: ESCAPE
03:47:41.099 [FXGL Background Thread 3 ] DEBUG Engine               - mouseSensitivity: 0.2
03:47:41.099 [FXGL Background Thread 3 ] DEBUG Engine               - notificationViewClass: class com.almasb.fxgl.notification.view.XboxNotificationView
03:47:41.099 [FXGL Background Thread 3 ] DEBUG Engine               - pixelsPerMeter: 50.0
03:47:41.099 [FXGL Background Thread 3 ] DEBUG Engine               - platform: WINDOWS
03:47:41.099 [FXGL Background Thread 3 ] DEBUG Engine               - prefHeightProperty: ReadOnlyDoubleProperty [value: 720.0]
03:47:41.099 [FXGL Background Thread 3 ] DEBUG Engine               - prefWidthProperty: ReadOnlyDoubleProperty [value: 1280.0]
03:47:41.099 [FXGL Background Thread 3 ] DEBUG Engine               - profileDir: profiles/
03:47:41.099 [FXGL Background Thread 3 ] DEBUG Engine               - profileName: StringProperty [value: DEFAULT]
03:47:41.099 [FXGL Background Thread 3 ] DEBUG Engine               - randomSeed: -1
03:47:41.099 [FXGL Background Thread 3 ] DEBUG Engine               - runtimeInfo: RuntimeInfo(platform=WINDOWS, version=11.17, build=16.07.2021 15.46)
03:47:41.099 [FXGL Background Thread 3 ] DEBUG Engine               - saveFileExt: sav
03:47:41.099 [FXGL Background Thread 3 ] DEBUG Engine               - scaledHeightProp$fxgl: DoubleProperty [bound, value: 864.0]
03:47:41.100 [FXGL Background Thread 3 ] DEBUG Engine               - scaledWidthProp$fxgl: DoubleProperty [bound, value: 1536.0]
03:47:41.100 [FXGL Background Thread 3 ] DEBUG Engine               - sceneFactory: org.example.oop_game_project.GameApp$1@2c47a3a7
03:47:41.100 [FXGL Background Thread 3 ] DEBUG Engine               - secondsIn24h: 60
03:47:41.100 [FXGL Background Thread 3 ] DEBUG Engine               - soundMenuBack: menu/back.wav
03:47:41.100 [FXGL Background Thread 3 ] DEBUG Engine               - soundMenuPress: menu/press.wav
03:47:41.100 [FXGL Background Thread 3 ] DEBUG Engine               - soundMenuSelect: menu/select.wav
03:47:41.100 [FXGL Background Thread 3 ] DEBUG Engine               - soundNotification: core/notification.wav
03:47:41.100 [FXGL Background Thread 3 ] DEBUG Engine               - stageStyle: DECORATED
03:47:41.100 [FXGL Background Thread 3 ] DEBUG Engine               - supportedLanguages: [ENGLISH, FRENCH, GERMAN, HUNGARIAN, RUSSIAN]
03:47:41.100 [FXGL Background Thread 3 ] DEBUG Engine               - ticksPerSecond: -1
03:47:41.100 [FXGL Background Thread 3 ] DEBUG Engine               - title: BOMBER
 MAN
03:47:41.100 [FXGL Background Thread 3 ] DEBUG Engine               - urlGithub: https://github.com/AlmasB/FXGL
03:47:41.100 [FXGL Background Thread 3 ] DEBUG Engine               - urlLeaderboard: http://fxgl-top.herokuapp.com/
03:47:41.100 [FXGL Background Thread 3 ] DEBUG Engine               - urlPOM: https://raw.githubusercontent.com/AlmasB/FXGL/release/README.md
03:47:41.100 [FXGL Background Thread 3 ] DEBUG Engine               - userAppClass: class org.example.oop_game_project.GameApp
03:47:41.100 [FXGL Background Thread 3 ] DEBUG Engine               - version: 1.0
03:47:41.100 [FXGL Background Thread 3 ] DEBUG Engine               - versionCheckDays: 7
03:47:41.100 [FXGL Background Thread 3 ] DEBUG Engine               - width: 1280
03:47:41.100 [FXGL Background Thread 3 ] DEBUG Engine               - Logging services
03:47:41.100 [FXGL Background Thread 3 ] DEBUG Engine               - class com.almasb.fxgl.app.services.FXGLAssetLoaderService
03:47:41.100 [FXGL Background Thread 3 ] DEBUG Engine               - class com.almasb.fxgl.app.FXGLApplication$GameApplicationService
03:47:41.100 [FXGL Background Thread 3 ] DEBUG Engine               - class com.almasb.fxgl.app.services.FXGLDialogService
03:47:41.100 [FXGL Background Thread 3 ] DEBUG Engine               - class com.almasb.fxgl.app.services.IOTaskExecutorService
03:47:41.100 [FXGL Background Thread 3 ] DEBUG Engine               - class com.almasb.fxgl.io.FileSystemService
03:47:41.100 [FXGL Background Thread 3 ] DEBUG Engine               - class com.almasb.fxgl.localization.LocalizationService
03:47:41.100 [FXGL Background Thread 3 ] DEBUG Engine               - class com.almasb.fxgl.app.services.SystemBundleService
03:47:41.101 [FXGL Background Thread 3 ] DEBUG Engine               - class com.almasb.fxgl.profile.SaveLoadService
03:47:41.101 [FXGL Background Thread 3 ] DEBUG Engine               - class com.almasb.fxgl.ui.FXGLUIFactoryServiceProvider
03:47:41.101 [FXGL Background Thread 3 ] DEBUG Engine               - class com.almasb.fxgl.ui.FXGLDialogFactoryServiceProvider
03:47:41.101 [FXGL Background Thread 3 ] DEBUG Engine               - class com.almasb.fxgl.audio.AudioPlayer
03:47:41.101 [FXGL Background Thread 3 ] DEBUG Engine               - class com.almasb.fxgl.notification.impl.NotificationServiceProvider
03:47:41.101 [FXGL Background Thread 3 ] DEBUG Engine               - class com.almasb.fxgl.achievement.AchievementService
03:47:41.101 [FXGL Background Thread 3 ] DEBUG Engine               - class com.almasb.fxgl.cutscene.CutsceneService
03:47:41.101 [FXGL Background Thread 3 ] DEBUG Engine               - class com.almasb.fxgl.minigames.MiniGameService
03:47:41.101 [FXGL Background Thread 3 ] DEBUG Engine               - class com.almasb.fxgl.net.NetService
03:47:41.101 [FXGL Background Thread 3 ] DEBUG Engine               - class com.almasb.fxgl.app.services.UpdaterService
03:47:41.101 [FXGL Background Thread 3 ] DEBUG Engine               - class com.almasb.fxgl.dev.DevService
03:47:41.933 [JavaFX Application Thread] DEBUG PrimaryStageWindow   - Pop state: DialogSubScene
03:47:41.933 [JavaFX Application Thread] DEBUG Input                - Clearing active input actions
03:47:41.934 [JavaFX Application Thread] DEBUG GameApplicationServi - Removing overlay from DialogSubScene and adding to MainMenu
03:47:41.934 [JavaFX Application Thread] DEBUG PrimaryStageWindow   - MainMenu <- DialogSubScene
03:47:41.934 [JavaFX Application Thread] DEBUG FXGLApplication      - Exiting FXGL
03:47:41.934 [JavaFX Application Thread] DEBUG LoopRunner           - Stopping loop
03:47:41.935 [JavaFX Application Thread] DEBUG SystemBundleService  - Saving FXGL system data
03:47:41.939 [JavaFX Application Thread] DEBUG FileSystemAccess     - Writing to: C:\Users\lethe\code java\phuong907\system\fxgl.bundle
03:47:41.941 [JavaFX Application Thread] DEBUG Async                - Shutting down background threads
03:47:41.941 [JavaFX Application Thread] DEBUG PrimaryStageWindow   - Closing main window
03:47:41.977 [JavaFX Application Thread] DEBUG Logger               - Closing Logger
