03:41:01.316 [main                     ] DEBUG Logger               - Configured Logger
03:41:01.320 [main                     ] DEBUG GameApplication      - Logging settings
Title: BOMBER
 MAN
Version: 1.0
Width: 1280
Height: 720
Fullscreen: true
Intro: false
Profiling: false
Single step:false
App Mode: DEVELOPER
Menu Key: ESCAPE
Stage Style: DECORATED
Scene Factory: class org.example.oop_game_project.GameApp$1

03:41:01.595 [JavaFX Application Thread] DEBUG FXGLApplication      - Initializing FXGL
03:41:01.599 [JavaFX Application Thread] INFO  Engine               - FXGL-11.17 (16.07.2021 15.46) on WINDOWS (J:21.0.4 FX:20.0.2)
03:41:01.600 [JavaFX Application Thread] DEBUG Engine               - JRE Vendor Name: Oracle Corporation
03:41:01.600 [JavaFX Application Thread] DEBUG Engine               - Running on OS: Windows 11 version 10.0
03:41:01.600 [JavaFX Application Thread] DEBUG Engine               - Architecture: amd64
03:41:01.600 [JavaFX Application Thread] INFO  Engine               - Source code and latest versions at: https://github.com/AlmasB/FXGL
03:41:01.600 [JavaFX Application Thread] INFO  Engine               -              Join the FXGL chat at: https://gitter.im/AlmasB/FXGL
03:41:01.764 [JavaFX Application Thread] DEBUG PrimaryStageWindow   - Creating a JavaFX scene
03:41:01.823 [JavaFX Application Thread] DEBUG PrimaryStageWindow   - Target settings size: 1280.0 x 720.0
03:41:01.823 [JavaFX Application Thread] DEBUG PrimaryStageWindow   - Scaled scene size:    1280.0 x 720.0
03:41:01.823 [JavaFX Application Thread] DEBUG PrimaryStageWindow   - Scaled ratio: (1.0, 1.0)
03:41:01.824 [JavaFX Application Thread] DEBUG PrimaryStageWindow   - Set initial scene to FXGLStartupScene
03:41:01.828 [JavaFX Application Thread] DEBUG PrimaryStageWindow   - Opening main window
03:41:01.919 [JavaFX Application Thread] DEBUG PrimaryStageWindow   - Window border size: (14.4000244140625, 37.5999755859375)
03:41:01.919 [JavaFX Application Thread] DEBUG PrimaryStageWindow   - Scaled size: 1280.0 x 720.0
03:41:01.919 [JavaFX Application Thread] DEBUG PrimaryStageWindow   - Scaled ratio: (1.0, 1.0)
03:41:01.919 [JavaFX Application Thread] DEBUG PrimaryStageWindow   - Scene size: 1280.0 x 720.0
03:41:01.920 [JavaFX Application Thread] DEBUG PrimaryStageWindow   - Stage size: 1294.4000244140625 x 757.5999755859375
03:41:02.020 [JavaFX Application Thread] DEBUG PrimaryStageWindow   - Going fullscreen
03:41:02.031 [FXGL Background Thread 1 ] DEBUG Engine               - Initializing environment variables
03:41:02.141 [FXGL Background Thread 1 ] DEBUG FXGLAssetLoaderServi - User app class for loading assets: class org.example.oop_game_project.GameApp
03:41:02.141 [FXGL Background Thread 1 ] DEBUG GameApplicationServi - Applying CSS: fxgl_dark.css
03:41:02.143 [FXGL Background Thread 1 ] DEBUG FXGLAssetLoaderServi - Loading from file system: jar:file:/C:/Users/lethe/.m2/repository/com/github/almasb/fxgl/11.17/fxgl-11.17.jar!/fxglassets/ui/css/fxgl_dark.css
03:41:02.187 [FXGL Background Thread 1 ] DEBUG GameApplicationServi - Initializing application scenes
03:41:02.251 [FXGL Background Thread 1 ] DEBUG GameWorld            - Game world initialized
03:41:02.343 [FXGL Background Thread 1 ] DEBUG PhysicsWorld         - Physics world initialized: appHeight=720, physics.ppm=50.0
03:41:02.343 [FXGL Background Thread 1 ] DEBUG PhysicsWorld         - Using strategy: BRUTE_FORCE
03:41:02.347 [FXGL Background Thread 1 ] DEBUG GameScene            - Game scene initialized: 1280x720
03:41:02.464 [FXGL Background Thread 1 ] DEBUG GameApplicationServi - Application scenes initialized
03:41:02.488 [FXGL Background Thread 1 ] DEBUG SystemBundleService  - Loading default FXGL system data
03:41:02.489 [FXGL Background Thread 1 ] DEBUG UpdaterService       - Checking for updates
03:41:02.498 [FXGL Background Thread 4 ] DEBUG FXGLApplication      - Loading fonts
03:41:02.499 [FXGL Background Thread 1 ] DEBUG FXGLApplication      - Loading default localization
03:41:02.499 [FXGL Background Thread 4 ] DEBUG FXGLAssetLoaderServi - Loading from file system: file:/C:/Users/lethe/code%20java/phuong907/oop_game_project/target/classes/assets/ui/fonts/game_font.ttf
03:41:02.500 [FXGL Background Thread 1 ] DEBUG FXGLAssetLoaderServi - Loading from file system: jar:file:/C:/Users/lethe/.m2/repository/com/github/almasb/fxgl/11.17/fxgl-11.17.jar!/fxglassets/languages/english.lang
03:41:02.522 [FXGL Background Thread 1 ] INFO  FXGLApplication      - FXGL initialization took: 0.490 sec
03:41:02.536 [JavaFX Application Thread] DEBUG Input                - Registered new binding: Move Up - T
03:41:02.536 [JavaFX Application Thread] DEBUG Input                - Registered new binding: Move Down - G
03:41:02.536 [JavaFX Application Thread] DEBUG Input                - Registered new binding: Move Left - F
03:41:02.537 [JavaFX Application Thread] DEBUG Input                - Registered new binding: Move Right - H
03:41:02.537 [JavaFX Application Thread] DEBUG Input                - Registered new binding: Place Bomb - Enter
03:41:02.538 [JavaFX Application Thread] DEBUG FXGLAssetLoaderServi - Loading from file system: jar:file:/C:/Users/lethe/.m2/repository/com/github/almasb/fxgl/11.17/fxgl-11.17.jar!/fxglassets/textures/fxgl_icon.png
03:41:02.571 [JavaFX Application Thread] DEBUG FXGLAssetLoaderServi - Loading from file system: jar:file:/C:/Users/lethe/.m2/repository/com/github/almasb/fxgl/11.17/fxgl-11.17.jar!/fxglassets/textures/fxgl_default_cursor.png
03:41:02.575 [JavaFX Application Thread] DEBUG Input                - Registered new binding: Screenshot - CTRL+8
03:41:02.576 [JavaFX Application Thread] DEBUG Input                - Registered new binding: System info dump - CTRL+9
03:41:02.576 [JavaFX Application Thread] DEBUG Input                - Registered new binding: Restart - CTRL+R
03:41:02.578 [JavaFX Application Thread] DEBUG Input                - Registered new binding: Toggle Debug Camera - CTRL+C
03:41:02.582 [JavaFX Application Thread] DEBUG LoopRunner           - Starting loop
03:41:02.582 [JavaFX Application Thread] DEBUG LoopRunner           - Initializing JavaFX AnimationTimerLoop
03:41:02.586 [JavaFX Application Thread] DEBUG Input                - Clearing active input actions
03:41:02.595 [JavaFX Application Thread] DEBUG GameApplicationServi - Removing overlay from FXGLStartupScene and adding to FXGLMainMenuDummyScene
03:41:02.597 [JavaFX Application Thread] DEBUG PrimaryStageWindow   - FXGLStartupScene -> FXGLMainMenuDummyScene
03:41:02.597 [JavaFX Application Thread] DEBUG PrimaryStageWindow   - Push state: MainMenu
03:41:02.597 [JavaFX Application Thread] DEBUG Input                - Clearing active input actions
03:41:02.602 [JavaFX Application Thread] DEBUG GameApplicationServi - Removing overlay from FXGLMainMenuDummyScene and adding to MainMenu
03:41:02.604 [JavaFX Application Thread] DEBUG PrimaryStageWindow   - FXGLMainMenuDummyScene -> MainMenu
03:41:02.682 [FXGL Background Thread 4 ] DEBUG FXGLAssetLoaderServi - Loading from file system: jar:file:/C:/Users/lethe/.m2/repository/com/github/almasb/fxgl/11.17/fxgl-11.17.jar!/fxglassets/ui/fonts/Abel-Regular.ttf
03:41:02.688 [FXGL Background Thread 4 ] DEBUG FXGLAssetLoaderServi - Loading from file system: jar:file:/C:/Users/lethe/.m2/repository/com/github/almasb/fxgl/11.17/fxgl-11.17.jar!/fxglassets/ui/fonts/lucida_console.ttf
03:41:02.696 [FXGL Background Thread 4 ] DEBUG FXGLAssetLoaderServi - Loading from file system: jar:file:/C:/Users/lethe/.m2/repository/com/github/almasb/fxgl/11.17/fxgl-11.17.jar!/fxglassets/ui/fonts/Courier-Prime.ttf
03:41:02.705 [JavaFX Application Thread] DEBUG FXGLApplication      - Registering font factories with UI factory
03:41:04.347 [FXGL Background Thread 2 ] INFO  UpdaterService       - Your current version:  11.17
03:41:04.347 [FXGL Background Thread 2 ] INFO  UpdaterService       - Latest stable version: 21.1
03:41:05.496 [FXGL Background Thread 3 ] DEBUG Engine               - Logging environment variables
03:41:05.496 [FXGL Background Thread 3 ] DEBUG Engine               - achievements: []
03:41:05.496 [FXGL Background Thread 3 ] DEBUG Engine               - actualHeight: 864.0
03:41:05.496 [FXGL Background Thread 3 ] DEBUG Engine               - actualHeightProperty: ReadOnlyDoubleProperty [value: 864.0]
03:41:05.496 [FXGL Background Thread 3 ] DEBUG Engine               - actualWidth: 1536.0
03:41:05.496 [FXGL Background Thread 3 ] DEBUG Engine               - actualWidthProperty: ReadOnlyDoubleProperty [value: 1536.0]
03:41:05.496 [FXGL Background Thread 3 ] DEBUG Engine               - appIcon: fxgl_icon.png
03:41:05.496 [FXGL Background Thread 3 ] DEBUG Engine               - applicationMode: DEVELOPER
03:41:05.496 [FXGL Background Thread 3 ] DEBUG Engine               - cSSList: [fxgl_dark.css]
03:41:05.496 [FXGL Background Thread 3 ] DEBUG Engine               - collisionDetectionStrategy: BRUTE_FORCE
03:41:05.496 [FXGL Background Thread 3 ] DEBUG Engine               - configClass: Optional.empty
03:41:05.496 [FXGL Background Thread 3 ] DEBUG Engine               - credits: []
03:41:05.496 [FXGL Background Thread 3 ] DEBUG Engine               - defaultCursor: CursorInfo(imageName=fxgl_default_cursor.png, hotspotX=7.0, hotspotY=6.0)
03:41:05.496 [FXGL Background Thread 3 ] DEBUG Engine               - devBBoxColorProperty: ObjectProperty [value: 0xff0000ff]
03:41:05.496 [FXGL Background Thread 3 ] DEBUG Engine               - devEnableDebugCameraProperty: BooleanProperty [value: false]
03:41:05.496 [FXGL Background Thread 3 ] DEBUG Engine               - devSensorColorProperty: ObjectProperty [value: 0xffff00ff]
03:41:05.497 [FXGL Background Thread 3 ] DEBUG Engine               - devShowBBoxProperty: BooleanProperty [value: false]
03:41:05.497 [FXGL Background Thread 3 ] DEBUG Engine               - devShowPositionProperty: BooleanProperty [value: false]
03:41:05.497 [FXGL Background Thread 3 ] DEBUG Engine               - enabledMenuItems: []
03:41:05.497 [FXGL Background Thread 3 ] DEBUG Engine               - engineServices: [class com.almasb.fxgl.app.services.FXGLAssetLoaderService, class com.almasb.fxgl.app.FXGLApplication$GameApplicationService, class com.almasb.fxgl.app.services.FXGLDialogService, class com.almasb.fxgl.app.services.IOTaskExecutorService, class com.almasb.fxgl.io.FileSystemService, class com.almasb.fxgl.localization.LocalizationService, class com.almasb.fxgl.app.services.SystemBundleService, class com.almasb.fxgl.profile.SaveLoadService, class com.almasb.fxgl.ui.FXGLUIFactoryServiceProvider, class com.almasb.fxgl.ui.FXGLDialogFactoryServiceProvider, class com.almasb.fxgl.audio.AudioPlayer, class com.almasb.fxgl.notification.impl.NotificationServiceProvider, class com.almasb.fxgl.achievement.AchievementService, class com.almasb.fxgl.cutscene.CutsceneService, class com.almasb.fxgl.minigames.MiniGameService, class com.almasb.fxgl.net.NetService, class com.almasb.fxgl.app.services.UpdaterService, class com.almasb.fxgl.dev.DevService]
03:41:05.497 [FXGL Background Thread 3 ] DEBUG Engine               - fontGame: Abel-Regular.ttf
03:41:05.497 [FXGL Background Thread 3 ] DEBUG Engine               - fontMono: lucida_console.ttf
03:41:05.497 [FXGL Background Thread 3 ] DEBUG Engine               - fontText: Courier-Prime.ttf
03:41:05.497 [FXGL Background Thread 3 ] DEBUG Engine               - fontUI: game_font.ttf
03:41:05.497 [FXGL Background Thread 3 ] DEBUG Engine               - fullScreen: BooleanProperty [value: true]
03:41:05.497 [FXGL Background Thread 3 ] DEBUG Engine               - gameDifficulty: MEDIUM
03:41:05.497 [FXGL Background Thread 3 ] DEBUG Engine               - gameDifficultyProperty: ObjectProperty [value: MEDIUM]
03:41:05.497 [FXGL Background Thread 3 ] DEBUG Engine               - globalMusicVolume: 0.5
03:41:05.497 [FXGL Background Thread 3 ] DEBUG Engine               - globalMusicVolumeProperty: DoubleProperty [value: 0.5]
03:41:05.497 [FXGL Background Thread 3 ] DEBUG Engine               - globalSoundVolume: 0.5
03:41:05.497 [FXGL Background Thread 3 ] DEBUG Engine               - globalSoundVolumeProperty: DoubleProperty [value: 0.5]
03:41:05.497 [FXGL Background Thread 3 ] DEBUG Engine               - height: 720
03:41:05.497 [FXGL Background Thread 3 ] DEBUG Engine               - is3D: false
03:41:05.497 [FXGL Background Thread 3 ] DEBUG Engine               - isAndroid: false
03:41:05.498 [FXGL Background Thread 3 ] DEBUG Engine               - isBrowser: false
03:41:05.498 [FXGL Background Thread 3 ] DEBUG Engine               - isClickFeedbackEnabled: false
03:41:05.498 [FXGL Background Thread 3 ] DEBUG Engine               - isCloseConfirmation: false
03:41:05.498 [FXGL Background Thread 3 ] DEBUG Engine               - isDesktop: true
03:41:05.498 [FXGL Background Thread 3 ] DEBUG Engine               - isDeveloperMenuEnabled: false
03:41:05.498 [FXGL Background Thread 3 ] DEBUG Engine               - isEntityPreloadEnabled: true
03:41:05.498 [FXGL Background Thread 3 ] DEBUG Engine               - isExperimentalTiledLargeMap: false
03:41:05.498 [FXGL Background Thread 3 ] DEBUG Engine               - isFileSystemWriteAllowed: true
03:41:05.498 [FXGL Background Thread 3 ] DEBUG Engine               - isFullScreenAllowed: true
03:41:05.498 [FXGL Background Thread 3 ] DEBUG Engine               - isFullScreenFromStart: true
03:41:05.498 [FXGL Background Thread 3 ] DEBUG Engine               - isGameMenuEnabled: true
03:41:05.498 [FXGL Background Thread 3 ] DEBUG Engine               - isIOS: false
03:41:05.498 [FXGL Background Thread 3 ] DEBUG Engine               - isIntroEnabled: false
03:41:05.498 [FXGL Background Thread 3 ] DEBUG Engine               - isLinux: false
03:41:05.498 [FXGL Background Thread 3 ] DEBUG Engine               - isMac: false
03:41:05.498 [FXGL Background Thread 3 ] DEBUG Engine               - isMainMenuEnabled: true
03:41:05.499 [FXGL Background Thread 3 ] DEBUG Engine               - isManualResizeEnabled: false
03:41:05.499 [FXGL Background Thread 3 ] DEBUG Engine               - isMobile: false
03:41:05.499 [FXGL Background Thread 3 ] DEBUG Engine               - isNative: false
03:41:05.499 [FXGL Background Thread 3 ] DEBUG Engine               - isPauseMusicWhenMinimized: true
03:41:05.499 [FXGL Background Thread 3 ] DEBUG Engine               - isPreserveResizeRatio: false
03:41:05.499 [FXGL Background Thread 3 ] DEBUG Engine               - isProfilingEnabled: false
03:41:05.499 [FXGL Background Thread 3 ] DEBUG Engine               - isScaleAffectedOnResize: true
03:41:05.499 [FXGL Background Thread 3 ] DEBUG Engine               - isSingleStep: false
03:41:05.499 [FXGL Background Thread 3 ] DEBUG Engine               - isUserProfileEnabled: false
03:41:05.499 [FXGL Background Thread 3 ] DEBUG Engine               - isWindows: true
03:41:05.499 [FXGL Background Thread 3 ] DEBUG Engine               - language: ObjectProperty [value: ENGLISH]
03:41:05.499 [FXGL Background Thread 3 ] DEBUG Engine               - menuKey: ESCAPE
03:41:05.499 [FXGL Background Thread 3 ] DEBUG Engine               - mouseSensitivity: 0.2
03:41:05.499 [FXGL Background Thread 3 ] DEBUG Engine               - notificationViewClass: class com.almasb.fxgl.notification.view.XboxNotificationView
03:41:05.500 [FXGL Background Thread 3 ] DEBUG Engine               - pixelsPerMeter: 50.0
03:41:05.500 [FXGL Background Thread 3 ] DEBUG Engine               - platform: WINDOWS
03:41:05.500 [FXGL Background Thread 3 ] DEBUG Engine               - prefHeightProperty: ReadOnlyDoubleProperty [value: 720.0]
03:41:05.500 [FXGL Background Thread 3 ] DEBUG Engine               - prefWidthProperty: ReadOnlyDoubleProperty [value: 1280.0]
03:41:05.500 [FXGL Background Thread 3 ] DEBUG Engine               - profileDir: profiles/
03:41:05.500 [FXGL Background Thread 3 ] DEBUG Engine               - profileName: StringProperty [value: DEFAULT]
03:41:05.500 [FXGL Background Thread 3 ] DEBUG Engine               - randomSeed: -1
03:41:05.500 [FXGL Background Thread 3 ] DEBUG Engine               - runtimeInfo: RuntimeInfo(platform=WINDOWS, version=11.17, build=16.07.2021 15.46)
03:41:05.500 [FXGL Background Thread 3 ] DEBUG Engine               - saveFileExt: sav
03:41:05.500 [FXGL Background Thread 3 ] DEBUG Engine               - scaledHeightProp$fxgl: DoubleProperty [bound, value: 864.0]
03:41:05.500 [FXGL Background Thread 3 ] DEBUG Engine               - scaledWidthProp$fxgl: DoubleProperty [bound, value: 1536.0]
03:41:05.501 [FXGL Background Thread 3 ] DEBUG Engine               - sceneFactory: org.example.oop_game_project.GameApp$1@399ef9c3
03:41:05.501 [FXGL Background Thread 3 ] DEBUG Engine               - secondsIn24h: 60
03:41:05.501 [FXGL Background Thread 3 ] DEBUG Engine               - soundMenuBack: menu/back.wav
03:41:05.501 [FXGL Background Thread 3 ] DEBUG Engine               - soundMenuPress: menu/press.wav
03:41:05.501 [FXGL Background Thread 3 ] DEBUG Engine               - soundMenuSelect: menu/select.wav
03:41:05.501 [FXGL Background Thread 3 ] DEBUG Engine               - soundNotification: core/notification.wav
03:41:05.501 [FXGL Background Thread 3 ] DEBUG Engine               - stageStyle: DECORATED
03:41:05.501 [FXGL Background Thread 3 ] DEBUG Engine               - supportedLanguages: [ENGLISH, FRENCH, GERMAN, HUNGARIAN, RUSSIAN]
03:41:05.501 [FXGL Background Thread 3 ] DEBUG Engine               - ticksPerSecond: -1
03:41:05.501 [FXGL Background Thread 3 ] DEBUG Engine               - title: BOMBER
 MAN
03:41:05.501 [FXGL Background Thread 3 ] DEBUG Engine               - urlGithub: https://github.com/AlmasB/FXGL
03:41:05.501 [FXGL Background Thread 3 ] DEBUG Engine               - urlLeaderboard: http://fxgl-top.herokuapp.com/
03:41:05.501 [FXGL Background Thread 3 ] DEBUG Engine               - urlPOM: https://raw.githubusercontent.com/AlmasB/FXGL/release/README.md
03:41:05.501 [FXGL Background Thread 3 ] DEBUG Engine               - userAppClass: class org.example.oop_game_project.GameApp
03:41:05.502 [FXGL Background Thread 3 ] DEBUG Engine               - version: 1.0
03:41:05.502 [FXGL Background Thread 3 ] DEBUG Engine               - versionCheckDays: 7
03:41:05.502 [FXGL Background Thread 3 ] DEBUG Engine               - width: 1280
03:41:05.502 [FXGL Background Thread 3 ] DEBUG Engine               - Logging services
03:41:05.502 [FXGL Background Thread 3 ] DEBUG Engine               - class com.almasb.fxgl.app.services.FXGLAssetLoaderService
03:41:05.502 [FXGL Background Thread 3 ] DEBUG Engine               - class com.almasb.fxgl.app.FXGLApplication$GameApplicationService
03:41:05.502 [FXGL Background Thread 3 ] DEBUG Engine               - class com.almasb.fxgl.app.services.FXGLDialogService
03:41:05.502 [FXGL Background Thread 3 ] DEBUG Engine               - class com.almasb.fxgl.app.services.IOTaskExecutorService
03:41:05.502 [FXGL Background Thread 3 ] DEBUG Engine               - class com.almasb.fxgl.io.FileSystemService
03:41:05.502 [FXGL Background Thread 3 ] DEBUG Engine               - class com.almasb.fxgl.localization.LocalizationService
03:41:05.502 [FXGL Background Thread 3 ] DEBUG Engine               - class com.almasb.fxgl.app.services.SystemBundleService
03:41:05.502 [FXGL Background Thread 3 ] DEBUG Engine               - class com.almasb.fxgl.profile.SaveLoadService
03:41:05.502 [FXGL Background Thread 3 ] DEBUG Engine               - class com.almasb.fxgl.ui.FXGLUIFactoryServiceProvider
03:41:05.502 [FXGL Background Thread 3 ] DEBUG Engine               - class com.almasb.fxgl.ui.FXGLDialogFactoryServiceProvider
03:41:05.502 [FXGL Background Thread 3 ] DEBUG Engine               - class com.almasb.fxgl.audio.AudioPlayer
03:41:05.502 [FXGL Background Thread 3 ] DEBUG Engine               - class com.almasb.fxgl.notification.impl.NotificationServiceProvider
03:41:05.502 [FXGL Background Thread 3 ] DEBUG Engine               - class com.almasb.fxgl.achievement.AchievementService
03:41:05.503 [FXGL Background Thread 3 ] DEBUG Engine               - class com.almasb.fxgl.cutscene.CutsceneService
03:41:05.503 [FXGL Background Thread 3 ] DEBUG Engine               - class com.almasb.fxgl.minigames.MiniGameService
03:41:05.503 [FXGL Background Thread 3 ] DEBUG Engine               - class com.almasb.fxgl.net.NetService
03:41:05.503 [FXGL Background Thread 3 ] DEBUG Engine               - class com.almasb.fxgl.app.services.UpdaterService
03:41:05.503 [FXGL Background Thread 3 ] DEBUG Engine               - class com.almasb.fxgl.dev.DevService
03:41:06.310 [JavaFX Application Thread] DEBUG Menu                 - fireNewGame()
03:41:06.310 [JavaFX Application Thread] DEBUG GameApplicationServi - Starting new game
03:41:06.310 [JavaFX Application Thread] DEBUG PrimaryStageWindow   - Pop state: MainMenu
03:41:06.310 [JavaFX Application Thread] DEBUG Input                - Clearing active input actions
03:41:06.311 [JavaFX Application Thread] DEBUG GameApplicationServi - Removing overlay from MainMenu and adding to FXGLMainMenuDummyScene
03:41:06.311 [JavaFX Application Thread] DEBUG PrimaryStageWindow   - FXGLMainMenuDummyScene <- MainMenu
03:41:06.311 [JavaFX Application Thread] DEBUG Input                - Clearing active input actions
03:41:06.319 [JavaFX Application Thread] DEBUG GameApplicationServi - Removing overlay from FXGLMainMenuDummyScene and adding to FXGLLoadingScene
03:41:06.319 [JavaFX Application Thread] DEBUG PrimaryStageWindow   - FXGLMainMenuDummyScene -> FXGLLoadingScene
03:41:06.319 [JavaFX Application Thread] DEBUG GameApplicationServi - Clearing previous game
03:41:06.319 [JavaFX Application Thread] DEBUG GameScene            - Clearing game scene
03:41:06.319 [JavaFX Application Thread] DEBUG GameWorld            - Clearing game world
03:41:06.319 [JavaFX Application Thread] DEBUG PhysicsWorld         - Clearing physics world
03:41:06.321 [FXGL Background Thread 2 ] DEBUG FXGLApplication      - Initializing game
03:41:06.383 [FXGL Background Thread 2 ] WARN  TMXLevelLoader       - TiledMap generated from 1.7.2. Supported version: 1.2.3. Some features may not be parsed fully.
03:41:06.407 [FXGL Background Thread 2 ] DEBUG TMXLevelLoader       - Parsed TiledMap: file:/C:/Users/lethe/code%20java/phuong907/oop_game_project/target/classes/assets/levels/level1.tmx
03:41:06.408 [FXGL Background Thread 2 ] DEBUG TMXLevelLoader       - Creating tile layer entities
03:41:06.411 [FXGL Background Thread 2 ] DEBUG TilesetLoader        - Loading view for layer Tile Layer 1
03:41:06.414 [FXGL Background Thread 2 ] DEBUG TilesetLoader        - Created buffer with size 1488.0x720.0
03:41:06.434 [FXGL Background Thread 2 ] DEBUG TMXLevelLoader       - Creating object layer entities
03:41:06.469 [FXGL Background Thread 2 ] DEBUG FXGLAssetLoaderServi - Loading from file system: file:/C:/Users/lethe/code%20java/phuong907/oop_game_project/target/classes/assets/textures/player_die.png
03:41:06.472 [FXGL Background Thread 2 ] DEBUG FXGLAssetLoaderServi - Loading from file system: file:/C:/Users/lethe/code%20java/phuong907/oop_game_project/target/classes/assets/textures/player_down.png
03:41:06.473 [FXGL Background Thread 2 ] DEBUG FXGLAssetLoaderServi - Loading from file system: file:/C:/Users/lethe/code%20java/phuong907/oop_game_project/target/classes/assets/textures/player_right.png
03:41:06.474 [FXGL Background Thread 2 ] DEBUG FXGLAssetLoaderServi - Loading from file system: file:/C:/Users/lethe/code%20java/phuong907/oop_game_project/target/classes/assets/textures/player_up.png
03:41:06.476 [FXGL Background Thread 2 ] DEBUG FXGLAssetLoaderServi - Loading from file system: file:/C:/Users/lethe/code%20java/phuong907/oop_game_project/target/classes/assets/textures/player_left.png
03:41:06.483 [FXGL Background Thread 2 ] DEBUG FXGLAssetLoaderServi - Loading from file system: file:/C:/Users/lethe/code%20java/phuong907/oop_game_project/target/classes/assets/textures/enemy1.png
03:41:06.518 [FXGL Background Thread 2 ] DEBUG FXGLAssetLoaderServi - Loading from file system: file:/C:/Users/lethe/code%20java/phuong907/oop_game_project/target/classes/assets/textures/enemy2.png
03:41:06.529 [FXGL Background Thread 2 ] DEBUG FXGLAssetLoaderServi - Loading from file system: file:/C:/Users/lethe/code%20java/phuong907/oop_game_project/target/classes/assets/textures/brick.png
03:41:06.538 [FXGL Background Thread 2 ] DEBUG FXGLAssetLoaderServi - Loading from file system: file:/C:/Users/lethe/code%20java/phuong907/oop_game_project/target/classes/assets/textures/powerup_speed.png
03:41:06.540 [FXGL Background Thread 2 ] DEBUG FXGLAssetLoaderServi - Loading from file system: file:/C:/Users/lethe/code%20java/phuong907/oop_game_project/target/classes/assets/textures/powerup_bombs.png
03:41:06.587 [FXGL Background Thread 2 ] DEBUG GameWorld            - Clearing removable entities
03:41:06.589 [FXGL Background Thread 2 ] DEBUG GameWorld            - Setting level: com.almasb.fxgl.entity.level.Level@14d4684c
03:41:06.685 [FXGL Background Thread 2 ] INFO  FXGLApplication      - Game initialization took: 0.364 sec
03:41:06.685 [JavaFX Application Thread] DEBUG Input                - Clearing active input actions
03:41:06.701 [JavaFX Application Thread] DEBUG GameApplicationServi - Removing overlay from FXGLLoadingScene and adding to GameScene
03:41:06.701 [JavaFX Application Thread] DEBUG PrimaryStageWindow   - FXGLLoadingScene -> GameScene
03:41:06.705 [JavaFX Application Thread] DEBUG FXGLAssetLoaderServi - Loading from file system: file:/C:/Users/lethe/code%20java/phuong907/oop_game_project/target/classes/assets/sounds/stage_start.wav
03:41:06.795 [JavaFX Application Thread] DEBUG PrimaryStageWindow   - Push state: StageStartScene
03:41:06.795 [JavaFX Application Thread] DEBUG Input                - Clearing active input actions
03:41:06.796 [JavaFX Application Thread] DEBUG GameApplicationServi - Removing overlay from GameScene and adding to StageStartScene
03:41:06.796 [JavaFX Application Thread] DEBUG PrimaryStageWindow   - GameScene -> StageStartScene
03:41:10.653 [JavaFX Application Thread] DEBUG PrimaryStageWindow   - Pop state: StageStartScene
03:41:10.653 [JavaFX Application Thread] DEBUG Input                - Clearing active input actions
03:41:10.655 [JavaFX Application Thread] DEBUG GameApplicationServi - Removing overlay from StageStartScene and adding to GameScene
03:41:10.655 [JavaFX Application Thread] DEBUG PrimaryStageWindow   - GameScene <- StageStartScene
03:41:15.506 [JavaFX Application Thread] DEBUG FXGLAssetLoaderServi - Loading from file system: file:/C:/Users/lethe/code%20java/phuong907/oop_game_project/target/classes/assets/textures/bomb.png
03:41:15.509 [JavaFX Application Thread] DEBUG FXGLAssetLoaderServi - Loading from file system: file:/C:/Users/lethe/code%20java/phuong907/oop_game_project/target/classes/assets/sounds/place_bomb.wav
03:41:17.619 [JavaFX Application Thread] DEBUG FXGLAssetLoaderServi - Loading from file system: file:/C:/Users/lethe/code%20java/phuong907/oop_game_project/target/classes/assets/textures/top_right_flame.png
03:41:17.623 [JavaFX Application Thread] DEBUG FXGLAssetLoaderServi - Loading from file system: file:/C:/Users/lethe/code%20java/phuong907/oop_game_project/target/classes/assets/textures/top_left_flame.png
03:41:17.626 [JavaFX Application Thread] DEBUG FXGLAssetLoaderServi - Loading from file system: file:/C:/Users/lethe/code%20java/phuong907/oop_game_project/target/classes/assets/textures/top_down_flame.png
03:41:17.632 [JavaFX Application Thread] DEBUG FXGLAssetLoaderServi - Loading from file system: file:/C:/Users/lethe/code%20java/phuong907/oop_game_project/target/classes/assets/textures/top_up_flame.png
03:41:17.636 [JavaFX Application Thread] DEBUG FXGLAssetLoaderServi - Loading from file system: file:/C:/Users/lethe/code%20java/phuong907/oop_game_project/target/classes/assets/textures/central_flame.png
03:41:17.641 [JavaFX Application Thread] DEBUG FXGLAssetLoaderServi - Loading from file system: file:/C:/Users/lethe/code%20java/phuong907/oop_game_project/target/classes/assets/sounds/explosion.wav
03:41:17.649 [JavaFX Application Thread] DEBUG FXGLAssetLoaderServi - Loading from file system: file:/C:/Users/lethe/code%20java/phuong907/oop_game_project/target/classes/assets/textures/brick_break.png
03:41:17.824 [JavaFX Application Thread] DEBUG FXGLAssetLoaderServi - Loading from file system: file:/C:/Users/lethe/code%20java/phuong907/oop_game_project/target/classes/assets/sounds/player_die.wav
03:41:20.993 [JavaFX Application Thread] WARN  TMXLevelLoader       - TiledMap generated from 1.7.2. Supported version: 1.2.3. Some features may not be parsed fully.
03:41:21.004 [JavaFX Application Thread] DEBUG TMXLevelLoader       - Parsed TiledMap: file:/C:/Users/lethe/code%20java/phuong907/oop_game_project/target/classes/assets/levels/level1.tmx
03:41:21.004 [JavaFX Application Thread] DEBUG TMXLevelLoader       - Creating tile layer entities
03:41:21.004 [JavaFX Application Thread] DEBUG TilesetLoader        - Loading view for layer Tile Layer 1
03:41:21.005 [JavaFX Application Thread] DEBUG TilesetLoader        - Created buffer with size 1488.0x720.0
03:41:21.014 [JavaFX Application Thread] DEBUG TMXLevelLoader       - Creating object layer entities
03:41:21.041 [JavaFX Application Thread] DEBUG GameWorld            - Clearing removable entities
03:41:21.049 [JavaFX Application Thread] DEBUG GameWorld            - Setting level: com.almasb.fxgl.entity.level.Level@42e857db
03:41:44.816 [JavaFX Application Thread] WARN  TMXLevelLoader       - TiledMap generated from 1.7.2. Supported version: 1.2.3. Some features may not be parsed fully.
03:41:44.821 [JavaFX Application Thread] DEBUG TMXLevelLoader       - Parsed TiledMap: file:/C:/Users/lethe/code%20java/phuong907/oop_game_project/target/classes/assets/levels/level1.tmx
03:41:44.821 [JavaFX Application Thread] DEBUG TMXLevelLoader       - Creating tile layer entities
03:41:44.821 [JavaFX Application Thread] DEBUG TilesetLoader        - Loading view for layer Tile Layer 1
03:41:44.824 [JavaFX Application Thread] DEBUG TilesetLoader        - Created buffer with size 1488.0x720.0
03:41:44.837 [JavaFX Application Thread] DEBUG TMXLevelLoader       - Creating object layer entities
03:41:44.865 [JavaFX Application Thread] DEBUG GameWorld            - Clearing removable entities
03:41:44.869 [JavaFX Application Thread] DEBUG GameWorld            - Setting level: com.almasb.fxgl.entity.level.Level@3a453aad
03:41:47.910 [JavaFX Application Thread] DEBUG FXGLApplication      - Exiting FXGL
03:41:47.910 [JavaFX Application Thread] DEBUG LoopRunner           - Stopping loop
03:41:47.910 [JavaFX Application Thread] DEBUG SystemBundleService  - Saving FXGL system data
03:41:47.916 [JavaFX Application Thread] DEBUG FileSystemAccess     - Writing to: C:\Users\lethe\code java\phuong907\system\fxgl.bundle
03:41:47.933 [JavaFX Application Thread] DEBUG Async                - Shutting down background threads
03:41:47.933 [JavaFX Application Thread] DEBUG PrimaryStageWindow   - Closing main window
03:41:47.962 [JavaFX Application Thread] DEBUG Logger               - Closing Logger
